{"/Users/harryhua/Documents/GitHub/wiki-documents/src/components/AccessoriesTable.tsx": {"path":"/Users/harryhua/Documents/GitHub/wiki-documents/src/components/AccessoriesTable.tsx","statementMap":{"0":{"start":{"line":16,"column":58},"end":{"line":90,"column":null}},"1":{"start":{"line":17,"column":2},"end":{"line":88,"column":null}},"2":{"start":{"line":57,"column":10},"end":{"line":85,"column":null}},"3":{"start":{"line":82,"column":16},"end":{"line":82,"column":null}}},"fnMap":{"0":{"name":"(anonymous_0)","decl":{"start":{"line":16,"column":58},"end":{"line":16,"column":59}},"loc":{"start":{"line":16,"column":79},"end":{"line":90,"column":null}},"line":16},"1":{"name":"(anonymous_1)","decl":{"start":{"line":56,"column":25},"end":{"line":56,"column":26}},"loc":{"start":{"line":57,"column":10},"end":{"line":85,"column":null}},"line":57},"2":{"name":"(anonymous_2)","decl":{"start":{"line":81,"column":41},"end":{"line":81,"column":42}},"loc":{"start":{"line":82,"column":16},"end":{"line":82,"column":null}},"line":82}},"branchMap":{"0":{"loc":{"start":{"line":65,"column":23},"end":{"line":65,"column":null}},"type":"cond-expr","locations":[{"start":{"line":65,"column":60},"end":{"line":65,"column":77}},{"start":{"line":65,"column":77},"end":{"line":65,"column":null}}],"line":65}},"s":{"0":0,"1":0,"2":0,"3":0},"f":{"0":0,"1":0,"2":0},"b":{"0":[0,0]},"meta":{"lastBranch":1,"lastFunction":3,"lastStatement":4,"seen":{"s:16:58:90:Infinity":0,"f:16:58:16:59":0,"s:17:2:88:Infinity":1,"f:56:25:56:26":1,"s:57:10:85:Infinity":2,"b:65:60:65:77:65:77:65:Infinity":0,"f:81:41:81:42":2,"s:82:16:82:Infinity":3}}}
,"/Users/harryhua/Documents/GitHub/wiki-documents/src/components/ApplicationScenarios.tsx": {"path":"/Users/harryhua/Documents/GitHub/wiki-documents/src/components/ApplicationScenarios.tsx","statementMap":{"0":{"start":{"line":25,"column":66},"end":{"line":162,"column":null}},"1":{"start":{"line":33,"column":20},"end":{"line":33,"column":null}},"2":{"start":{"line":34,"column":22},"end":{"line":34,"column":null}},"3":{"start":{"line":37,"column":22},"end":{"line":37,"column":null}},"4":{"start":{"line":38,"column":24},"end":{"line":38,"column":null}},"5":{"start":{"line":40,"column":2},"end":{"line":160,"column":null}},"6":{"start":{"line":45,"column":8},"end":{"line":158,"column":null}},"7":{"start":{"line":77,"column":14},"end":{"line":155,"column":null}},"8":{"start":{"line":92,"column":18},"end":{"line":92,"column":null}},"9":{"start":{"line":95,"column":18},"end":{"line":95,"column":null}}},"fnMap":{"0":{"name":"(anonymous_0)","decl":{"start":{"line":25,"column":66},"end":{"line":25,"column":67}},"loc":{"start":{"line":32,"column":6},"end":{"line":162,"column":null}},"line":32},"1":{"name":"(anonymous_1)","decl":{"start":{"line":44,"column":22},"end":{"line":44,"column":23}},"loc":{"start":{"line":45,"column":8},"end":{"line":158,"column":null}},"line":45},"2":{"name":"(anonymous_2)","decl":{"start":{"line":76,"column":32},"end":{"line":76,"column":33}},"loc":{"start":{"line":77,"column":14},"end":{"line":155,"column":null}},"line":77},"3":{"name":"(anonymous_3)","decl":{"start":{"line":91,"column":30},"end":{"line":91,"column":31}},"loc":{"start":{"line":91,"column":37},"end":{"line":93,"column":null}},"line":91},"4":{"name":"(anonymous_4)","decl":{"start":{"line":94,"column":30},"end":{"line":94,"column":31}},"loc":{"start":{"line":94,"column":37},"end":{"line":96,"column":null}},"line":94}},"branchMap":{"0":{"loc":{"start":{"line":28,"column":2},"end":{"line":28,"column":null}},"type":"default-arg","locations":[{"start":{"line":28,"column":18},"end":{"line":28,"column":null}}],"line":28},"1":{"loc":{"start":{"line":29,"column":2},"end":{"line":29,"column":null}},"type":"default-arg","locations":[{"start":{"line":29,"column":16},"end":{"line":29,"column":null}}],"line":29},"2":{"loc":{"start":{"line":30,"column":2},"end":{"line":30,"column":null}},"type":"default-arg","locations":[{"start":{"line":30,"column":15},"end":{"line":30,"column":null}}],"line":30},"3":{"loc":{"start":{"line":31,"column":2},"end":{"line":31,"column":null}},"type":"default-arg","locations":[{"start":{"line":31,"column":24},"end":{"line":31,"column":null}}],"line":31},"4":{"loc":{"start":{"line":42,"column":7},"end":{"line":42,"column":null}},"type":"binary-expr","locations":[{"start":{"line":42,"column":7},"end":{"line":42,"column":23}},{"start":{"line":42,"column":23},"end":{"line":42,"column":null}}],"line":42},"5":{"loc":{"start":{"line":99,"column":17},"end":{"line":126,"column":null}},"type":"binary-expr","locations":[{"start":{"line":99,"column":17},"end":{"line":99,"column":null}},{"start":{"line":100,"column":18},"end":{"line":126,"column":null}}],"line":99},"6":{"loc":{"start":{"line":114,"column":27},"end":{"line":114,"column":null}},"type":"binary-expr","locations":[{"start":{"line":114,"column":27},"end":{"line":114,"column":44}},{"start":{"line":114,"column":44},"end":{"line":114,"column":null}}],"line":114}},"s":{"0":0,"1":0,"2":0,"3":0,"4":0,"5":0,"6":0,"7":0,"8":0,"9":0},"f":{"0":0,"1":0,"2":0,"3":0,"4":0},"b":{"0":[0],"1":[0],"2":[0],"3":[0],"4":[0,0],"5":[0,0],"6":[0,0]},"meta":{"lastBranch":7,"lastFunction":5,"lastStatement":10,"seen":{"s:25:66:162:Infinity":0,"f:25:66:25:67":0,"b:28:18:28:Infinity":0,"b:29:16:29:Infinity":1,"b:30:15:30:Infinity":2,"b:31:24:31:Infinity":3,"s:33:20:33:Infinity":1,"s:34:22:34:Infinity":2,"s:37:22:37:Infinity":3,"s:38:24:38:Infinity":4,"s:40:2:160:Infinity":5,"b:42:7:42:23:42:23:42:Infinity":4,"f:44:22:44:23":1,"s:45:8:158:Infinity":6,"f:76:32:76:33":2,"s:77:14:155:Infinity":7,"f:91:30:91:31":3,"s:92:18:92:Infinity":8,"f:94:30:94:31":4,"s:95:18:95:Infinity":9,"b:99:17:99:Infinity:100:18:126:Infinity":5,"b:114:27:114:44:114:44:114:Infinity":6}}}
,"/Users/harryhua/Documents/GitHub/wiki-documents/src/components/ProductCarousel.tsx": {"path":"/Users/harryhua/Documents/GitHub/wiki-documents/src/components/ProductCarousel.tsx","statementMap":{"0":{"start":{"line":8,"column":24},"end":{"line":122,"column":null}},"1":{"start":{"line":9,"column":38},"end":{"line":9,"column":null}},"2":{"start":{"line":11,"column":21},"end":{"line":54,"column":null}},"3":{"start":{"line":56,"column":22},"end":{"line":58,"column":null}},"4":{"start":{"line":57,"column":8},"end":{"line":57,"column":null}},"5":{"start":{"line":57,"column":24},"end":{"line":57,"column":61}},"6":{"start":{"line":60,"column":22},"end":{"line":62,"column":null}},"7":{"start":{"line":61,"column":8},"end":{"line":61,"column":null}},"8":{"start":{"line":61,"column":24},"end":{"line":61,"column":79}},"9":{"start":{"line":65,"column":4},"end":{"line":68,"column":null}},"10":{"start":{"line":66,"column":22},"end":{"line":66,"column":null}},"11":{"start":{"line":67,"column":8},"end":{"line":67,"column":null}},"12":{"start":{"line":67,"column":21},"end":{"line":67,"column":null}},"13":{"start":{"line":70,"column":4},"end":{"line":120,"column":null}},"14":{"start":{"line":74,"column":20},"end":{"line":102,"column":null}},"15":{"start":{"line":94,"column":36},"end":{"line":98,"column":null}},"16":{"start":{"line":111,"column":24},"end":{"line":116,"column":null}},"17":{"start":{"line":114,"column":43},"end":{"line":114,"column":null}}},"fnMap":{"0":{"name":"(anonymous_0)","decl":{"start":{"line":8,"column":24},"end":{"line":8,"column":30}},"loc":{"start":{"line":8,"column":30},"end":{"line":122,"column":null}},"line":8},"1":{"name":"(anonymous_1)","decl":{"start":{"line":56,"column":22},"end":{"line":56,"column":28}},"loc":{"start":{"line":56,"column":28},"end":{"line":58,"column":null}},"line":56},"2":{"name":"(anonymous_2)","decl":{"start":{"line":57,"column":23},"end":{"line":57,"column":24}},"loc":{"start":{"line":57,"column":24},"end":{"line":57,"column":61}},"line":57},"3":{"name":"(anonymous_3)","decl":{"start":{"line":60,"column":22},"end":{"line":60,"column":28}},"loc":{"start":{"line":60,"column":28},"end":{"line":62,"column":null}},"line":60},"4":{"name":"(anonymous_4)","decl":{"start":{"line":61,"column":23},"end":{"line":61,"column":24}},"loc":{"start":{"line":61,"column":24},"end":{"line":61,"column":79}},"line":61},"5":{"name":"(anonymous_5)","decl":{"start":{"line":65,"column":14},"end":{"line":65,"column":20}},"loc":{"start":{"line":65,"column":20},"end":{"line":68,"column":7}},"line":65},"6":{"name":"(anonymous_6)","decl":{"start":{"line":67,"column":15},"end":{"line":67,"column":21}},"loc":{"start":{"line":67,"column":21},"end":{"line":67,"column":null}},"line":67},"7":{"name":"(anonymous_7)","decl":{"start":{"line":73,"column":30},"end":{"line":73,"column":31}},"loc":{"start":{"line":74,"column":20},"end":{"line":102,"column":null}},"line":74},"8":{"name":"(anonymous_8)","decl":{"start":{"line":93,"column":51},"end":{"line":93,"column":52}},"loc":{"start":{"line":94,"column":36},"end":{"line":98,"column":null}},"line":94},"9":{"name":"(anonymous_9)","decl":{"start":{"line":110,"column":34},"end":{"line":110,"column":35}},"loc":{"start":{"line":111,"column":24},"end":{"line":116,"column":null}},"line":111},"10":{"name":"(anonymous_10)","decl":{"start":{"line":114,"column":37},"end":{"line":114,"column":43}},"loc":{"start":{"line":114,"column":43},"end":{"line":114,"column":null}},"line":114}},"branchMap":{"0":{"loc":{"start":{"line":81,"column":74},"end":{"line":81,"column":143}},"type":"cond-expr","locations":[{"start":{"line":81,"column":110},"end":{"line":81,"column":126}},{"start":{"line":81,"column":126},"end":{"line":81,"column":143}}],"line":81},"1":{"loc":{"start":{"line":82,"column":33},"end":{"line":82,"column":null}},"type":"binary-expr","locations":[{"start":{"line":82,"column":33},"end":{"line":82,"column":50}},{"start":{"line":82,"column":50},"end":{"line":82,"column":null}}],"line":82}},"s":{"0":0,"1":0,"2":0,"3":0,"4":0,"5":0,"6":0,"7":0,"8":0,"9":0,"10":0,"11":0,"12":0,"13":0,"14":0,"15":0,"16":0,"17":0},"f":{"0":0,"1":0,"2":0,"3":0,"4":0,"5":0,"6":0,"7":0,"8":0,"9":0,"10":0},"b":{"0":[0,0],"1":[0,0]},"meta":{"lastBranch":2,"lastFunction":11,"lastStatement":18,"seen":{"s:8:24:122:Infinity":0,"f:8:24:8:30":0,"s:9:38:9:Infinity":1,"s:11:21:54:Infinity":2,"s:56:22:58:Infinity":3,"f:56:22:56:28":1,"s:57:8:57:Infinity":4,"f:57:23:57:24":2,"s:57:24:57:61":5,"s:60:22:62:Infinity":6,"f:60:22:60:28":3,"s:61:8:61:Infinity":7,"f:61:23:61:24":4,"s:61:24:61:79":8,"s:65:4:68:Infinity":9,"f:65:14:65:20":5,"s:66:22:66:Infinity":10,"s:67:8:67:Infinity":11,"f:67:15:67:21":6,"s:67:21:67:Infinity":12,"s:70:4:120:Infinity":13,"f:73:30:73:31":7,"s:74:20:102:Infinity":14,"b:81:110:81:126:81:126:81:143":0,"b:82:33:82:50:82:50:82:Infinity":1,"f:93:51:93:52":8,"s:94:36:98:Infinity":15,"f:110:34:110:35":9,"s:111:24:116:Infinity":16,"f:114:37:114:43":10,"s:114:43:114:Infinity":17}}}
,"/Users/harryhua/Documents/GitHub/wiki-documents/src/components/VideoCarousel.tsx": {"path":"/Users/harryhua/Documents/GitHub/wiki-documents/src/components/VideoCarousel.tsx","statementMap":{"0":{"start":{"line":16,"column":40},"end":{"line":16,"column":null}},"1":{"start":{"line":17,"column":25},"end":{"line":17,"column":null}},"2":{"start":{"line":18,"column":23},"end":{"line":18,"column":null}},"3":{"start":{"line":19,"column":21},"end":{"line":19,"column":null}},"4":{"start":{"line":21,"column":22},"end":{"line":23,"column":null}},"5":{"start":{"line":22,"column":8},"end":{"line":22,"column":null}},"6":{"start":{"line":22,"column":34},"end":{"line":22,"column":62}},"7":{"start":{"line":25,"column":22},"end":{"line":27,"column":null}},"8":{"start":{"line":26,"column":8},"end":{"line":26,"column":null}},"9":{"start":{"line":26,"column":34},"end":{"line":26,"column":55}},"10":{"start":{"line":30,"column":27},"end":{"line":30,"column":null}},"11":{"start":{"line":31,"column":27},"end":{"line":31,"column":null}},"12":{"start":{"line":33,"column":4},"end":{"line":78,"column":null}},"13":{"start":{"line":52,"column":24},"end":{"line":65,"column":null}}},"fnMap":{"0":{"name":"VideoCarousel","decl":{"start":{"line":12,"column":24},"end":{"line":12,"column":38}},"loc":{"start":{"line":12,"column":70},"end":{"line":80,"column":null}},"line":12},"1":{"name":"(anonymous_1)","decl":{"start":{"line":21,"column":22},"end":{"line":21,"column":28}},"loc":{"start":{"line":21,"column":28},"end":{"line":23,"column":null}},"line":21},"2":{"name":"(anonymous_2)","decl":{"start":{"line":22,"column":24},"end":{"line":22,"column":25}},"loc":{"start":{"line":22,"column":34},"end":{"line":22,"column":62}},"line":22},"3":{"name":"(anonymous_3)","decl":{"start":{"line":25,"column":22},"end":{"line":25,"column":28}},"loc":{"start":{"line":25,"column":28},"end":{"line":27,"column":null}},"line":25},"4":{"name":"(anonymous_4)","decl":{"start":{"line":26,"column":24},"end":{"line":26,"column":25}},"loc":{"start":{"line":26,"column":34},"end":{"line":26,"column":55}},"line":26},"5":{"name":"(anonymous_5)","decl":{"start":{"line":51,"column":32},"end":{"line":51,"column":33}},"loc":{"start":{"line":52,"column":24},"end":{"line":65,"column":null}},"line":52}},"branchMap":{},"s":{"0":0,"1":0,"2":0,"3":0,"4":0,"5":0,"6":0,"7":0,"8":0,"9":0,"10":0,"11":0,"12":0,"13":0},"f":{"0":0,"1":0,"2":0,"3":0,"4":0,"5":0},"b":{},"meta":{"lastBranch":0,"lastFunction":6,"lastStatement":14,"seen":{"f:12:24:12:38":0,"s:16:40:16:Infinity":0,"s:17:25:17:Infinity":1,"s:18:23:18:Infinity":2,"s:19:21:19:Infinity":3,"s:21:22:23:Infinity":4,"f:21:22:21:28":1,"s:22:8:22:Infinity":5,"f:22:24:22:25":2,"s:22:34:22:62":6,"s:25:22:27:Infinity":7,"f:25:22:25:28":3,"s:26:8:26:Infinity":8,"f:26:24:26:25":4,"s:26:34:26:55":9,"s:30:27:30:Infinity":10,"s:31:27:31:Infinity":11,"s:33:4:78:Infinity":12,"f:51:32:51:33":5,"s:52:24:65:Infinity":13}}}
,"/Users/harryhua/Documents/GitHub/wiki-documents/src/components/VideoModal.tsx": {"path":"/Users/harryhua/Documents/GitHub/wiki-documents/src/components/VideoModal.tsx","statementMap":{"0":{"start":{"line":11,"column":28},"end":{"line":11,"column":null}},"1":{"start":{"line":14,"column":4},"end":{"line":23,"column":null}},"2":{"start":{"line":15,"column":8},"end":{"line":19,"column":null}},"3":{"start":{"line":16,"column":12},"end":{"line":16,"column":null}},"4":{"start":{"line":18,"column":12},"end":{"line":18,"column":null}},"5":{"start":{"line":20,"column":8},"end":{"line":22,"column":null}},"6":{"start":{"line":21,"column":12},"end":{"line":21,"column":null}},"7":{"start":{"line":25,"column":4},"end":{"line":58,"column":null}},"8":{"start":{"line":27,"column":55},"end":{"line":27,"column":null}},"9":{"start":{"line":37,"column":68},"end":{"line":37,"column":null}},"10":{"start":{"line":38,"column":73},"end":{"line":38,"column":null}},"11":{"start":{"line":39,"column":77},"end":{"line":39,"column":95}}},"fnMap":{"0":{"name":"VideoModal","decl":{"start":{"line":10,"column":24},"end":{"line":10,"column":35}},"loc":{"start":{"line":10,"column":97},"end":{"line":60,"column":null}},"line":10},"1":{"name":"(anonymous_1)","decl":{"start":{"line":14,"column":20},"end":{"line":14,"column":26}},"loc":{"start":{"line":14,"column":26},"end":{"line":23,"column":7}},"line":14},"2":{"name":"(anonymous_2)","decl":{"start":{"line":20,"column":15},"end":{"line":20,"column":21}},"loc":{"start":{"line":20,"column":21},"end":{"line":22,"column":null}},"line":20},"3":{"name":"(anonymous_3)","decl":{"start":{"line":27,"column":49},"end":{"line":27,"column":55}},"loc":{"start":{"line":27,"column":55},"end":{"line":27,"column":null}},"line":27},"4":{"name":"(anonymous_4)","decl":{"start":{"line":37,"column":62},"end":{"line":37,"column":68}},"loc":{"start":{"line":37,"column":68},"end":{"line":37,"column":null}},"line":37},"5":{"name":"(anonymous_5)","decl":{"start":{"line":38,"column":66},"end":{"line":38,"column":67}},"loc":{"start":{"line":38,"column":73},"end":{"line":38,"column":null}},"line":38},"6":{"name":"(anonymous_6)","decl":{"start":{"line":39,"column":71},"end":{"line":39,"column":77}},"loc":{"start":{"line":39,"column":77},"end":{"line":39,"column":95}},"line":39}},"branchMap":{"0":{"loc":{"start":{"line":15,"column":8},"end":{"line":19,"column":null}},"type":"if","locations":[{"start":{"line":15,"column":8},"end":{"line":19,"column":null}},{"start":{"line":17,"column":15},"end":{"line":19,"column":null}}],"line":15},"1":{"loc":{"start":{"line":36,"column":13},"end":{"line":56,"column":null}},"type":"binary-expr","locations":[{"start":{"line":36,"column":13},"end":{"line":36,"column":null}},{"start":{"line":37,"column":16},"end":{"line":56,"column":null}}],"line":36}},"s":{"0":0,"1":0,"2":0,"3":0,"4":0,"5":0,"6":0,"7":0,"8":0,"9":0,"10":0,"11":0},"f":{"0":0,"1":0,"2":0,"3":0,"4":0,"5":0,"6":0},"b":{"0":[0,0],"1":[0,0]},"meta":{"lastBranch":2,"lastFunction":7,"lastStatement":12,"seen":{"f:10:24:10:35":0,"s:11:28:11:Infinity":0,"s:14:4:23:Infinity":1,"f:14:20:14:26":1,"b:15:8:19:Infinity:17:15:19:Infinity":0,"s:15:8:19:Infinity":2,"s:16:12:16:Infinity":3,"s:18:12:18:Infinity":4,"s:20:8:22:Infinity":5,"f:20:15:20:21":2,"s:21:12:21:Infinity":6,"s:25:4:58:Infinity":7,"f:27:49:27:55":3,"s:27:55:27:Infinity":8,"b:36:13:36:Infinity:37:16:56:Infinity":1,"f:37:62:37:68":4,"s:37:68:37:Infinity":9,"f:38:66:38:67":5,"s:38:73:38:Infinity":10,"f:39:71:39:77":6,"s:39:77:39:95":11}}}
,"/Users/harryhua/Documents/GitHub/wiki-documents/src/components/AskAI/ChatButton.tsx": {"path":"/Users/harryhua/Documents/GitHub/wiki-documents/src/components/AskAI/ChatButton.tsx","statementMap":{"0":{"start":{"line":14,"column":2},"end":{"line":51,"column":null}}},"fnMap":{"0":{"name":"ChatButton","decl":{"start":{"line":13,"column":24},"end":{"line":13,"column":35}},"loc":{"start":{"line":13,"column":84},"end":{"line":53,"column":null}},"line":13}},"branchMap":{"0":{"loc":{"start":{"line":17,"column":41},"end":{"line":17,"column":76}},"type":"cond-expr","locations":[{"start":{"line":17,"column":50},"end":{"line":17,"column":74}},{"start":{"line":17,"column":74},"end":{"line":17,"column":76}}],"line":17},"1":{"loc":{"start":{"line":17,"column":80},"end":{"line":17,"column":95}},"type":"binary-expr","locations":[{"start":{"line":17,"column":80},"end":{"line":17,"column":93}},{"start":{"line":17,"column":93},"end":{"line":17,"column":95}}],"line":17},"2":{"loc":{"start":{"line":18,"column":18},"end":{"line":18,"column":null}},"type":"cond-expr","locations":[{"start":{"line":18,"column":27},"end":{"line":18,"column":42}},{"start":{"line":18,"column":42},"end":{"line":18,"column":null}}],"line":18},"3":{"loc":{"start":{"line":21,"column":7},"end":{"line":49,"column":null}},"type":"cond-expr","locations":[{"start":{"line":23,"column":8},"end":{"line":35,"column":null}},{"start":{"line":38,"column":8},"end":{"line":49,"column":null}}],"line":21}},"s":{"0":6},"f":{"0":6},"b":{"0":[2,4],"1":[6,5],"2":[2,4],"3":[2,4]},"meta":{"lastBranch":4,"lastFunction":1,"lastStatement":1,"seen":{"f:13:24:13:35":0,"s:14:2:51:Infinity":0,"b:17:50:17:74:17:74:17:76":0,"b:17:80:17:93:17:93:17:95":1,"b:18:27:18:42:18:42:18:Infinity":2,"b:23:8:35:Infinity:38:8:49:Infinity":3}}}
,"/Users/harryhua/Documents/GitHub/wiki-documents/src/components/AskAI/ChatWidget.tsx": {"path":"/Users/harryhua/Documents/GitHub/wiki-documents/src/components/AskAI/ChatWidget.tsx","statementMap":{"0":{"start":{"line":31,"column":2},"end":{"line":31,"column":null}},"1":{"start":{"line":33,"column":8},"end":{"line":33,"column":null}},"2":{"start":{"line":36,"column":2},"end":{"line":44,"column":null}},"3":{"start":{"line":37,"column":25},"end":{"line":41,"column":null}},"4":{"start":{"line":38,"column":6},"end":{"line":40,"column":null}},"5":{"start":{"line":39,"column":8},"end":{"line":39,"column":null}},"6":{"start":{"line":42,"column":4},"end":{"line":42,"column":null}},"7":{"start":{"line":43,"column":4},"end":{"line":43,"column":null}},"8":{"start":{"line":43,"column":17},"end":{"line":43,"column":null}},"9":{"start":{"line":46,"column":2},"end":{"line":76,"column":null}},"10":{"start":{"line":71,"column":14},"end":{"line":71,"column":null}}},"fnMap":{"0":{"name":"ChatWidget","decl":{"start":{"line":15,"column":24},"end":{"line":15,"column":35}},"loc":{"start":{"line":15,"column":68},"end":{"line":78,"column":null}},"line":15},"1":{"name":"(anonymous_1)","decl":{"start":{"line":36,"column":12},"end":{"line":36,"column":18}},"loc":{"start":{"line":36,"column":18},"end":{"line":44,"column":5}},"line":36},"2":{"name":"(anonymous_2)","decl":{"start":{"line":37,"column":25},"end":{"line":37,"column":26}},"loc":{"start":{"line":37,"column":47},"end":{"line":41,"column":null}},"line":37},"3":{"name":"(anonymous_3)","decl":{"start":{"line":43,"column":11},"end":{"line":43,"column":17}},"loc":{"start":{"line":43,"column":17},"end":{"line":43,"column":null}},"line":43},"4":{"name":"(anonymous_4)","decl":{"start":{"line":69,"column":28},"end":{"line":69,"column":29}},"loc":{"start":{"line":69,"column":53},"end":{"line":72,"column":null}},"line":69}},"branchMap":{"0":{"loc":{"start":{"line":38,"column":6},"end":{"line":40,"column":null}},"type":"if","locations":[{"start":{"line":38,"column":6},"end":{"line":40,"column":null}},{"start":{},"end":{}}],"line":38},"1":{"loc":{"start":{"line":38,"column":10},"end":{"line":38,"column":40}},"type":"binary-expr","locations":[{"start":{"line":38,"column":10},"end":{"line":38,"column":32}},{"start":{"line":38,"column":32},"end":{"line":38,"column":40}}],"line":38},"2":{"loc":{"start":{"line":53,"column":7},"end":{"line":74,"column":null}},"type":"binary-expr","locations":[{"start":{"line":53,"column":7},"end":{"line":53,"column":null}},{"start":{"line":54,"column":8},"end":{"line":74,"column":null}}],"line":53}},"s":{"0":7,"1":7,"2":7,"3":7,"4":2,"5":1,"6":7,"7":7,"8":7,"9":7,"10":0},"f":{"0":7,"1":7,"2":2,"3":7,"4":0},"b":{"0":[1,1],"1":[2,2],"2":[7,4]},"meta":{"lastBranch":3,"lastFunction":5,"lastStatement":11,"seen":{"f:15:24:15:35":0,"s:31:2:31:Infinity":0,"s:33:8:33:Infinity":1,"s:36:2:44:Infinity":2,"f:36:12:36:18":1,"s:37:25:41:Infinity":3,"f:37:25:37:26":2,"b:38:6:40:Infinity:undefined:undefined:undefined:undefined":0,"s:38:6:40:Infinity":4,"b:38:10:38:32:38:32:38:40":1,"s:39:8:39:Infinity":5,"s:42:4:42:Infinity":6,"s:43:4:43:Infinity":7,"f:43:11:43:17":3,"s:43:17:43:Infinity":8,"s:46:2:76:Infinity":9,"b:53:7:53:Infinity:54:8:74:Infinity":2,"f:69:28:69:29":4,"s:71:14:71:Infinity":10}}}
,"/Users/harryhua/Documents/GitHub/wiki-documents/src/components/AskAI/ChatWindow.tsx": {"path":"/Users/harryhua/Documents/GitHub/wiki-documents/src/components/AskAI/ChatWindow.tsx","statementMap":{"0":{"start":{"line":36,"column":46},"end":{"line":281,"column":null}},"1":{"start":{"line":52,"column":34},"end":{"line":52,"column":null}},"2":{"start":{"line":53,"column":34},"end":{"line":53,"column":null}},"3":{"start":{"line":54,"column":8},"end":{"line":54,"column":null}},"4":{"start":{"line":57,"column":34},"end":{"line":57,"column":null}},"5":{"start":{"line":58,"column":38},"end":{"line":58,"column":null}},"6":{"start":{"line":59,"column":34},"end":{"line":59,"column":null}},"7":{"start":{"line":62,"column":2},"end":{"line":67,"column":null}},"8":{"start":{"line":63,"column":4},"end":{"line":66,"column":null}},"9":{"start":{"line":64,"column":6},"end":{"line":64,"column":null}},"10":{"start":{"line":65,"column":6},"end":{"line":65,"column":null}},"11":{"start":{"line":70,"column":2},"end":{"line":81,"column":null}},"12":{"start":{"line":71,"column":4},"end":{"line":80,"column":null}},"13":{"start":{"line":73,"column":6},"end":{"line":79,"column":null}},"14":{"start":{"line":76,"column":8},"end":{"line":78,"column":null}},"15":{"start":{"line":77,"column":10},"end":{"line":77,"column":null}},"16":{"start":{"line":83,"column":23},"end":{"line":89,"column":null}},"17":{"start":{"line":84,"column":20},"end":{"line":84,"column":null}},"18":{"start":{"line":85,"column":4},"end":{"line":85,"column":null}},"19":{"start":{"line":85,"column":31},"end":{"line":85,"column":null}},"20":{"start":{"line":87,"column":4},"end":{"line":87,"column":null}},"21":{"start":{"line":88,"column":4},"end":{"line":88,"column":null}},"22":{"start":{"line":91,"column":24},"end":{"line":96,"column":null}},"23":{"start":{"line":92,"column":4},"end":{"line":95,"column":null}},"24":{"start":{"line":93,"column":6},"end":{"line":93,"column":null}},"25":{"start":{"line":94,"column":6},"end":{"line":94,"column":null}},"26":{"start":{"line":98,"column":32},"end":{"line":101,"column":null}},"27":{"start":{"line":99,"column":4},"end":{"line":99,"column":null}},"28":{"start":{"line":99,"column":19},"end":{"line":99,"column":null}},"29":{"start":{"line":100,"column":4},"end":{"line":100,"column":null}},"30":{"start":{"line":104,"column":27},"end":{"line":107,"column":null}},"31":{"start":{"line":105,"column":4},"end":{"line":105,"column":null}},"32":{"start":{"line":106,"column":4},"end":{"line":106,"column":null}},"33":{"start":{"line":109,"column":26},"end":{"line":112,"column":null}},"34":{"start":{"line":110,"column":4},"end":{"line":110,"column":null}},"35":{"start":{"line":110,"column":21},"end":{"line":110,"column":null}},"36":{"start":{"line":111,"column":4},"end":{"line":111,"column":null}},"37":{"start":{"line":114,"column":25},"end":{"line":125,"column":null}},"38":{"start":{"line":115,"column":4},"end":{"line":121,"column":null}},"39":{"start":{"line":116,"column":19},"end":{"line":116,"column":null}},"40":{"start":{"line":118,"column":6},"end":{"line":120,"column":null}},"41":{"start":{"line":119,"column":8},"end":{"line":119,"column":null}},"42":{"start":{"line":122,"column":4},"end":{"line":122,"column":null}},"43":{"start":{"line":123,"column":4},"end":{"line":123,"column":null}},"44":{"start":{"line":124,"column":4},"end":{"line":124,"column":null}},"45":{"start":{"line":127,"column":22},"end":{"line":127,"column":null}},"46":{"start":{"line":129,"column":23},"end":{"line":131,"column":null}},"47":{"start":{"line":130,"column":4},"end":{"line":130,"column":null}},"48":{"start":{"line":130,"column":28},"end":{"line":130,"column":33}},"49":{"start":{"line":134,"column":21},"end":{"line":136,"column":null}},"50":{"start":{"line":138,"column":2},"end":{"line":279,"column":null}},"51":{"start":{"line":231,"column":29},"end":{"line":231,"column":null}}},"fnMap":{"0":{"name":"(anonymous_0)","decl":{"start":{"line":36,"column":46},"end":{"line":36,"column":47}},"loc":{"start":{"line":51,"column":6},"end":{"line":281,"column":null}},"line":51},"1":{"name":"(anonymous_1)","decl":{"start":{"line":62,"column":12},"end":{"line":62,"column":18}},"loc":{"start":{"line":62,"column":18},"end":{"line":67,"column":5}},"line":62},"2":{"name":"(anonymous_2)","decl":{"start":{"line":70,"column":12},"end":{"line":70,"column":18}},"loc":{"start":{"line":70,"column":18},"end":{"line":81,"column":5}},"line":70},"3":{"name":"(anonymous_3)","decl":{"start":{"line":73,"column":17},"end":{"line":73,"column":23}},"loc":{"start":{"line":73,"column":23},"end":{"line":79,"column":9}},"line":73},"4":{"name":"(anonymous_4)","decl":{"start":{"line":83,"column":23},"end":{"line":83,"column":29}},"loc":{"start":{"line":83,"column":29},"end":{"line":89,"column":null}},"line":83},"5":{"name":"(anonymous_5)","decl":{"start":{"line":91,"column":24},"end":{"line":91,"column":25}},"loc":{"start":{"line":91,"column":67},"end":{"line":96,"column":null}},"line":91},"6":{"name":"(anonymous_6)","decl":{"start":{"line":98,"column":32},"end":{"line":98,"column":33}},"loc":{"start":{"line":98,"column":56},"end":{"line":101,"column":null}},"line":98},"7":{"name":"(anonymous_7)","decl":{"start":{"line":104,"column":27},"end":{"line":104,"column":28}},"loc":{"start":{"line":104,"column":46},"end":{"line":107,"column":null}},"line":104},"8":{"name":"(anonymous_8)","decl":{"start":{"line":109,"column":26},"end":{"line":109,"column":27}},"loc":{"start":{"line":109,"column":45},"end":{"line":112,"column":null}},"line":109},"9":{"name":"(anonymous_9)","decl":{"start":{"line":114,"column":25},"end":{"line":114,"column":31}},"loc":{"start":{"line":114,"column":31},"end":{"line":125,"column":null}},"line":114},"10":{"name":"(anonymous_10)","decl":{"start":{"line":129,"column":23},"end":{"line":129,"column":29}},"loc":{"start":{"line":129,"column":29},"end":{"line":131,"column":null}},"line":129},"11":{"name":"(anonymous_11)","decl":{"start":{"line":130,"column":18},"end":{"line":130,"column":19}},"loc":{"start":{"line":130,"column":28},"end":{"line":130,"column":33}},"line":130},"12":{"name":"(anonymous_12)","decl":{"start":{"line":231,"column":22},"end":{"line":231,"column":23}},"loc":{"start":{"line":231,"column":29},"end":{"line":231,"column":null}},"line":231}},"branchMap":{"0":{"loc":{"start":{"line":44,"column":2},"end":{"line":44,"column":null}},"type":"default-arg","locations":[{"start":{"line":44,"column":16},"end":{"line":44,"column":null}}],"line":44},"1":{"loc":{"start":{"line":63,"column":4},"end":{"line":66,"column":null}},"type":"if","locations":[{"start":{"line":63,"column":4},"end":{"line":66,"column":null}},{"start":{},"end":{}}],"line":63},"2":{"loc":{"start":{"line":71,"column":4},"end":{"line":80,"column":null}},"type":"if","locations":[{"start":{"line":71,"column":4},"end":{"line":80,"column":null}},{"start":{},"end":{}}],"line":71},"3":{"loc":{"start":{"line":76,"column":8},"end":{"line":78,"column":null}},"type":"if","locations":[{"start":{"line":76,"column":8},"end":{"line":78,"column":null}},{"start":{},"end":{}}],"line":76},"4":{"loc":{"start":{"line":76,"column":12},"end":{"line":76,"column":70}},"type":"binary-expr","locations":[{"start":{"line":76,"column":12},"end":{"line":76,"column":45}},{"start":{"line":76,"column":45},"end":{"line":76,"column":70}}],"line":76},"5":{"loc":{"start":{"line":85,"column":4},"end":{"line":85,"column":null}},"type":"if","locations":[{"start":{"line":85,"column":4},"end":{"line":85,"column":null}},{"start":{},"end":{}}],"line":85},"6":{"loc":{"start":{"line":85,"column":8},"end":{"line":85,"column":31}},"type":"binary-expr","locations":[{"start":{"line":85,"column":8},"end":{"line":85,"column":20}},{"start":{"line":85,"column":20},"end":{"line":85,"column":31}}],"line":85},"7":{"loc":{"start":{"line":92,"column":4},"end":{"line":95,"column":null}},"type":"if","locations":[{"start":{"line":92,"column":4},"end":{"line":95,"column":null}},{"start":{},"end":{}}],"line":92},"8":{"loc":{"start":{"line":92,"column":8},"end":{"line":92,"column":42}},"type":"binary-expr","locations":[{"start":{"line":92,"column":8},"end":{"line":92,"column":29}},{"start":{"line":92,"column":29},"end":{"line":92,"column":42}}],"line":92},"9":{"loc":{"start":{"line":99,"column":4},"end":{"line":99,"column":null}},"type":"if","locations":[{"start":{"line":99,"column":4},"end":{"line":99,"column":null}},{"start":{},"end":{}}],"line":99},"10":{"loc":{"start":{"line":110,"column":4},"end":{"line":110,"column":null}},"type":"if","locations":[{"start":{"line":110,"column":4},"end":{"line":110,"column":null}},{"start":{},"end":{}}],"line":110},"11":{"loc":{"start":{"line":115,"column":4},"end":{"line":121,"column":null}},"type":"if","locations":[{"start":{"line":115,"column":4},"end":{"line":121,"column":null}},{"start":{},"end":{}}],"line":115},"12":{"loc":{"start":{"line":115,"column":8},"end":{"line":115,"column":54}},"type":"binary-expr","locations":[{"start":{"line":115,"column":8},"end":{"line":115,"column":31}},{"start":{"line":115,"column":31},"end":{"line":115,"column":54}}],"line":115},"13":{"loc":{"start":{"line":118,"column":6},"end":{"line":120,"column":null}},"type":"if","locations":[{"start":{"line":118,"column":6},"end":{"line":120,"column":null}},{"start":{},"end":{}}],"line":118},"14":{"loc":{"start":{"line":134,"column":21},"end":{"line":136,"column":null}},"type":"cond-expr","locations":[{"start":{"line":135,"column":6},"end":{"line":135,"column":null}},{"start":{"line":136,"column":6},"end":{"line":136,"column":null}}],"line":134},"15":{"loc":{"start":{"line":134,"column":21},"end":{"line":134,"column":null}},"type":"binary-expr","locations":[{"start":{"line":134,"column":21},"end":{"line":134,"column":35}},{"start":{"line":134,"column":35},"end":{"line":134,"column":58}},{"start":{"line":134,"column":58},"end":{"line":134,"column":83}},{"start":{"line":134,"column":83},"end":{"line":134,"column":null}}],"line":134},"16":{"loc":{"start":{"line":140,"column":41},"end":{"line":140,"column":76}},"type":"cond-expr","locations":[{"start":{"line":140,"column":50},"end":{"line":140,"column":74}},{"start":{"line":140,"column":74},"end":{"line":140,"column":76}}],"line":140},"17":{"loc":{"start":{"line":140,"column":80},"end":{"line":140,"column":123}},"type":"cond-expr","locations":[{"start":{"line":140,"column":93},"end":{"line":140,"column":121}},{"start":{"line":140,"column":121},"end":{"line":140,"column":123}}],"line":140},"18":{"loc":{"start":{"line":164,"column":23},"end":{"line":164,"column":null}},"type":"cond-expr","locations":[{"start":{"line":164,"column":36},"end":{"line":164,"column":59}},{"start":{"line":164,"column":59},"end":{"line":164,"column":null}}],"line":164},"19":{"loc":{"start":{"line":166,"column":24},"end":{"line":166,"column":null}},"type":"cond-expr","locations":[{"start":{"line":166,"column":37},"end":{"line":166,"column":49}},{"start":{"line":166,"column":49},"end":{"line":166,"column":null}}],"line":166},"20":{"loc":{"start":{"line":168,"column":19},"end":{"line":168,"column":null}},"type":"cond-expr","locations":[{"start":{"line":168,"column":32},"end":{"line":168,"column":44}},{"start":{"line":168,"column":44},"end":{"line":168,"column":null}}],"line":168},"21":{"loc":{"start":{"line":170,"column":13},"end":{"line":178,"column":null}},"type":"cond-expr","locations":[{"start":{"line":171,"column":14},"end":{"line":174,"column":null}},{"start":{"line":176,"column":14},"end":{"line":178,"column":null}}],"line":170},"22":{"loc":{"start":{"line":213,"column":6},"end":{"line":221,"column":null}},"type":"binary-expr","locations":[{"start":{"line":216,"column":8},"end":{"line":216,"column":25}},{"start":{"line":216,"column":25},"end":{"line":216,"column":40}},{"start":{"line":216,"column":40},"end":{"line":216,"column":null}},{"start":{"line":217,"column":8},"end":{"line":221,"column":null}}],"line":213},"23":{"loc":{"start":{"line":218,"column":23},"end":{"line":218,"column":null}},"type":"cond-expr","locations":[{"start":{"line":218,"column":63},"end":{"line":218,"column":77}},{"start":{"line":218,"column":77},"end":{"line":218,"column":null}}],"line":218},"24":{"loc":{"start":{"line":218,"column":23},"end":{"line":218,"column":63}},"type":"binary-expr","locations":[{"start":{"line":218,"column":23},"end":{"line":218,"column":38}},{"start":{"line":218,"column":38},"end":{"line":218,"column":63}}],"line":218},"25":{"loc":{"start":{"line":234,"column":14},"end":{"line":236,"column":null}},"type":"cond-expr","locations":[{"start":{"line":235,"column":18},"end":{"line":235,"column":null}},{"start":{"line":235,"column":18},"end":{"line":236,"column":null}}],"line":234},"26":{"loc":{"start":{"line":242,"column":47},"end":{"line":242,"column":111}},"type":"cond-expr","locations":[{"start":{"line":242,"column":81},"end":{"line":242,"column":109}},{"start":{"line":242,"column":109},"end":{"line":242,"column":111}}],"line":242},"27":{"loc":{"start":{"line":242,"column":47},"end":{"line":242,"column":81}},"type":"binary-expr","locations":[{"start":{"line":242,"column":47},"end":{"line":242,"column":69}},{"start":{"line":242,"column":69},"end":{"line":242,"column":81}}],"line":242},"28":{"loc":{"start":{"line":244,"column":22},"end":{"line":244,"column":null}},"type":"binary-expr","locations":[{"start":{"line":244,"column":22},"end":{"line":244,"column":44}},{"start":{"line":244,"column":44},"end":{"line":244,"column":null}}],"line":244},"29":{"loc":{"start":{"line":248,"column":13},"end":{"line":274,"column":null}},"type":"cond-expr","locations":[{"start":{"line":249,"column":14},"end":{"line":260,"column":null}},{"start":{"line":262,"column":14},"end":{"line":274,"column":null}}],"line":248}},"s":{"0":0,"1":0,"2":0,"3":0,"4":0,"5":0,"6":0,"7":0,"8":0,"9":0,"10":0,"11":0,"12":0,"13":0,"14":0,"15":0,"16":0,"17":0,"18":0,"19":0,"20":0,"21":0,"22":0,"23":0,"24":0,"25":0,"26":0,"27":0,"28":0,"29":0,"30":0,"31":0,"32":0,"33":0,"34":0,"35":0,"36":0,"37":0,"38":0,"39":0,"40":0,"41":0,"42":0,"43":0,"44":0,"45":0,"46":0,"47":0,"48":0,"49":0,"50":0,"51":0},"f":{"0":0,"1":0,"2":0,"3":0,"4":0,"5":0,"6":0,"7":0,"8":0,"9":0,"10":0,"11":0,"12":0},"b":{"0":[0],"1":[0,0],"2":[0,0],"3":[0,0],"4":[0,0],"5":[0,0],"6":[0,0],"7":[0,0],"8":[0,0],"9":[0,0],"10":[0,0],"11":[0,0],"12":[0,0],"13":[0,0],"14":[0,0],"15":[0,0,0,0],"16":[0,0],"17":[0,0],"18":[0,0],"19":[0,0],"20":[0,0],"21":[0,0],"22":[0,0,0,0],"23":[0,0],"24":[0,0],"25":[0,0],"26":[0,0],"27":[0,0],"28":[0,0],"29":[0,0]},"meta":{"lastBranch":30,"lastFunction":13,"lastStatement":52,"seen":{"s:36:46:281:Infinity":0,"f:36:46:36:47":0,"b:44:16:44:Infinity":0,"s:52:34:52:Infinity":1,"s:53:34:53:Infinity":2,"s:54:8:54:Infinity":3,"s:57:34:57:Infinity":4,"s:58:38:58:Infinity":5,"s:59:34:59:Infinity":6,"s:62:2:67:Infinity":7,"f:62:12:62:18":1,"b:63:4:66:Infinity:undefined:undefined:undefined:undefined":1,"s:63:4:66:Infinity":8,"s:64:6:64:Infinity":9,"s:65:6:65:Infinity":10,"s:70:2:81:Infinity":11,"f:70:12:70:18":2,"b:71:4:80:Infinity:undefined:undefined:undefined:undefined":2,"s:71:4:80:Infinity":12,"s:73:6:79:Infinity":13,"f:73:17:73:23":3,"b:76:8:78:Infinity:undefined:undefined:undefined:undefined":3,"s:76:8:78:Infinity":14,"b:76:12:76:45:76:45:76:70":4,"s:77:10:77:Infinity":15,"s:83:23:89:Infinity":16,"f:83:23:83:29":4,"s:84:20:84:Infinity":17,"b:85:4:85:Infinity:undefined:undefined:undefined:undefined":5,"s:85:4:85:Infinity":18,"b:85:8:85:20:85:20:85:31":6,"s:85:31:85:Infinity":19,"s:87:4:87:Infinity":20,"s:88:4:88:Infinity":21,"s:91:24:96:Infinity":22,"f:91:24:91:25":5,"b:92:4:95:Infinity:undefined:undefined:undefined:undefined":7,"s:92:4:95:Infinity":23,"b:92:8:92:29:92:29:92:42":8,"s:93:6:93:Infinity":24,"s:94:6:94:Infinity":25,"s:98:32:101:Infinity":26,"f:98:32:98:33":6,"b:99:4:99:Infinity:undefined:undefined:undefined:undefined":9,"s:99:4:99:Infinity":27,"s:99:19:99:Infinity":28,"s:100:4:100:Infinity":29,"s:104:27:107:Infinity":30,"f:104:27:104:28":7,"s:105:4:105:Infinity":31,"s:106:4:106:Infinity":32,"s:109:26:112:Infinity":33,"f:109:26:109:27":8,"b:110:4:110:Infinity:undefined:undefined:undefined:undefined":10,"s:110:4:110:Infinity":34,"s:110:21:110:Infinity":35,"s:111:4:111:Infinity":36,"s:114:25:125:Infinity":37,"f:114:25:114:31":9,"b:115:4:121:Infinity:undefined:undefined:undefined:undefined":11,"s:115:4:121:Infinity":38,"b:115:8:115:31:115:31:115:54":12,"s:116:19:116:Infinity":39,"b:118:6:120:Infinity:undefined:undefined:undefined:undefined":13,"s:118:6:120:Infinity":40,"s:119:8:119:Infinity":41,"s:122:4:122:Infinity":42,"s:123:4:123:Infinity":43,"s:124:4:124:Infinity":44,"s:127:22:127:Infinity":45,"s:129:23:131:Infinity":46,"f:129:23:129:29":10,"s:130:4:130:Infinity":47,"f:130:18:130:19":11,"s:130:28:130:33":48,"s:134:21:136:Infinity":49,"b:135:6:135:Infinity:136:6:136:Infinity":14,"b:134:21:134:35:134:35:134:58:134:58:134:83:134:83:134:Infinity":15,"s:138:2:279:Infinity":50,"b:140:50:140:74:140:74:140:76":16,"b:140:93:140:121:140:121:140:123":17,"b:164:36:164:59:164:59:164:Infinity":18,"b:166:37:166:49:166:49:166:Infinity":19,"b:168:32:168:44:168:44:168:Infinity":20,"b:171:14:174:Infinity:176:14:178:Infinity":21,"b:216:8:216:25:216:25:216:40:216:40:216:Infinity:217:8:221:Infinity":22,"b:218:63:218:77:218:77:218:Infinity":23,"b:218:23:218:38:218:38:218:63":24,"f:231:22:231:23":12,"s:231:29:231:Infinity":51,"b:235:18:235:Infinity:235:18:236:Infinity":25,"b:242:81:242:109:242:109:242:111":26,"b:242:47:242:69:242:69:242:81":27,"b:244:22:244:44:244:44:244:Infinity":28,"b:249:14:260:Infinity:262:14:274:Infinity":29}}}
,"/Users/harryhua/Documents/GitHub/wiki-documents/src/components/AskAI/FeedbackModal.tsx": {"path":"/Users/harryhua/Documents/GitHub/wiki-documents/src/components/AskAI/FeedbackModal.tsx","statementMap":{"0":{"start":{"line":11,"column":59},"end":{"line":101,"column":null}},"1":{"start":{"line":16,"column":42},"end":{"line":16,"column":null}},"2":{"start":{"line":17,"column":28},"end":{"line":17,"column":null}},"3":{"start":{"line":19,"column":2},"end":{"line":19,"column":null}},"4":{"start":{"line":19,"column":15},"end":{"line":19,"column":null}},"5":{"start":{"line":21,"column":18},"end":{"line":27,"column":null}},"6":{"start":{"line":29,"column":23},"end":{"line":37,"column":null}},"7":{"start":{"line":30,"column":4},"end":{"line":30,"column":null}},"8":{"start":{"line":32,"column":24},"end":{"line":32,"column":null}},"9":{"start":{"line":33,"column":4},"end":{"line":33,"column":null}},"10":{"start":{"line":35,"column":4},"end":{"line":35,"column":null}},"11":{"start":{"line":36,"column":4},"end":{"line":36,"column":null}},"12":{"start":{"line":39,"column":2},"end":{"line":99,"column":null}},"13":{"start":{"line":41,"column":60},"end":{"line":41,"column":null}},"14":{"start":{"line":59,"column":16},"end":{"line":66,"column":null}},"15":{"start":{"line":63,"column":33},"end":{"line":63,"column":null}},"16":{"start":{"line":79,"column":31},"end":{"line":79,"column":null}}},"fnMap":{"0":{"name":"(anonymous_0)","decl":{"start":{"line":11,"column":59},"end":{"line":11,"column":60}},"loc":{"start":{"line":15,"column":6},"end":{"line":101,"column":null}},"line":15},"1":{"name":"(anonymous_1)","decl":{"start":{"line":29,"column":23},"end":{"line":29,"column":24}},"loc":{"start":{"line":29,"column":47},"end":{"line":37,"column":null}},"line":29},"2":{"name":"(anonymous_2)","decl":{"start":{"line":41,"column":53},"end":{"line":41,"column":54}},"loc":{"start":{"line":41,"column":60},"end":{"line":41,"column":null}},"line":41},"3":{"name":"(anonymous_3)","decl":{"start":{"line":58,"column":27},"end":{"line":58,"column":28}},"loc":{"start":{"line":59,"column":16},"end":{"line":66,"column":null}},"line":59},"4":{"name":"(anonymous_4)","decl":{"start":{"line":63,"column":27},"end":{"line":63,"column":33}},"loc":{"start":{"line":63,"column":33},"end":{"line":63,"column":null}},"line":63},"5":{"name":"(anonymous_5)","decl":{"start":{"line":79,"column":24},"end":{"line":79,"column":25}},"loc":{"start":{"line":79,"column":31},"end":{"line":79,"column":null}},"line":79}},"branchMap":{"0":{"loc":{"start":{"line":19,"column":2},"end":{"line":19,"column":null}},"type":"if","locations":[{"start":{"line":19,"column":2},"end":{"line":19,"column":null}},{"start":{},"end":{}}],"line":19},"1":{"loc":{"start":{"line":62,"column":53},"end":{"line":62,"column":114}},"type":"cond-expr","locations":[{"start":{"line":62,"column":84},"end":{"line":62,"column":112}},{"start":{"line":62,"column":112},"end":{"line":62,"column":114}}],"line":62}},"s":{"0":1,"1":10,"2":10,"3":10,"4":1,"5":9,"6":9,"7":1,"8":1,"9":1,"10":1,"11":1,"12":9,"13":5,"14":45,"15":2,"16":1},"f":{"0":10,"1":1,"2":5,"3":45,"4":2,"5":1},"b":{"0":[1,9],"1":[3,42]},"meta":{"lastBranch":2,"lastFunction":6,"lastStatement":17,"seen":{"s:11:59:101:Infinity":0,"f:11:59:11:60":0,"s:16:42:16:Infinity":1,"s:17:28:17:Infinity":2,"b:19:2:19:Infinity:undefined:undefined:undefined:undefined":0,"s:19:2:19:Infinity":3,"s:19:15:19:Infinity":4,"s:21:18:27:Infinity":5,"s:29:23:37:Infinity":6,"f:29:23:29:24":1,"s:30:4:30:Infinity":7,"s:32:24:32:Infinity":8,"s:33:4:33:Infinity":9,"s:35:4:35:Infinity":10,"s:36:4:36:Infinity":11,"s:39:2:99:Infinity":12,"f:41:53:41:54":2,"s:41:60:41:Infinity":13,"f:58:27:58:28":3,"s:59:16:66:Infinity":14,"b:62:84:62:112:62:112:62:114":1,"f:63:27:63:33":4,"s:63:33:63:Infinity":15,"f:79:24:79:25":5,"s:79:31:79:Infinity":16}}}
,"/Users/harryhua/Documents/GitHub/wiki-documents/src/components/AskAI/MarkdownRenderer.tsx": {"path":"/Users/harryhua/Documents/GitHub/wiki-documents/src/components/AskAI/MarkdownRenderer.tsx","statementMap":{"0":{"start":{"line":20,"column":5},"end":{"line":99,"column":null}},"1":{"start":{"line":21,"column":30},"end":{"line":21,"column":null}},"2":{"start":{"line":22,"column":20},"end":{"line":22,"column":null}},"3":{"start":{"line":23,"column":22},"end":{"line":23,"column":null}},"4":{"start":{"line":25,"column":21},"end":{"line":47,"column":null}},"5":{"start":{"line":26,"column":4},"end":{"line":46,"column":null}},"6":{"start":{"line":27,"column":6},"end":{"line":27,"column":null}},"7":{"start":{"line":28,"column":6},"end":{"line":28,"column":null}},"8":{"start":{"line":29,"column":6},"end":{"line":29,"column":null}},"9":{"start":{"line":29,"column":23},"end":{"line":29,"column":43}},"10":{"start":{"line":32,"column":23},"end":{"line":32,"column":null}},"11":{"start":{"line":33,"column":6},"end":{"line":33,"column":null}},"12":{"start":{"line":34,"column":6},"end":{"line":34,"column":null}},"13":{"start":{"line":35,"column":6},"end":{"line":35,"column":null}},"14":{"start":{"line":36,"column":6},"end":{"line":36,"column":null}},"15":{"start":{"line":37,"column":6},"end":{"line":37,"column":null}},"16":{"start":{"line":38,"column":6},"end":{"line":38,"column":null}},"17":{"start":{"line":39,"column":6},"end":{"line":45,"column":null}},"18":{"start":{"line":40,"column":8},"end":{"line":40,"column":null}},"19":{"start":{"line":41,"column":8},"end":{"line":41,"column":null}},"20":{"start":{"line":42,"column":8},"end":{"line":42,"column":null}},"21":{"start":{"line":42,"column":25},"end":{"line":42,"column":45}},"22":{"start":{"line":44,"column":8},"end":{"line":44,"column":null}},"23":{"start":{"line":49,"column":2},"end":{"line":97,"column":null}},"24":{"start":{"line":57,"column":10},"end":{"line":75,"column":null}},"25":{"start":{"line":69,"column":14},"end":{"line":73,"column":null}},"26":{"start":{"line":71,"column":18},"end":{"line":71,"column":null}},"27":{"start":{"line":108,"column":5},"end":{"line":132,"column":null}},"28":{"start":{"line":109,"column":16},"end":{"line":109,"column":null}},"29":{"start":{"line":110,"column":19},"end":{"line":110,"column":null}},"30":{"start":{"line":111,"column":22},"end":{"line":111,"column":null}},"31":{"start":{"line":113,"column":2},"end":{"line":121,"column":null}},"32":{"start":{"line":114,"column":4},"end":{"line":119,"column":null}},"33":{"start":{"line":123,"column":2},"end":{"line":125,"column":null}},"34":{"start":{"line":124,"column":4},"end":{"line":124,"column":null}},"35":{"start":{"line":127,"column":2},"end":{"line":130,"column":null}},"36":{"start":{"line":140,"column":5},"end":{"line":159,"column":null}},"37":{"start":{"line":141,"column":2},"end":{"line":141,"column":null}},"38":{"start":{"line":141,"column":13},"end":{"line":141,"column":null}},"39":{"start":{"line":144,"column":21},"end":{"line":144,"column":null}},"40":{"start":{"line":146,"column":2},"end":{"line":152,"column":null}},"41":{"start":{"line":147,"column":4},"end":{"line":150,"column":null}},"42":{"start":{"line":154,"column":2},"end":{"line":157,"column":null}},"43":{"start":{"line":161,"column":65},"end":{"line":194,"column":null}},"44":{"start":{"line":162,"column":2},"end":{"line":192,"column":null}},"45":{"start":{"line":171,"column":38},"end":{"line":171,"column":null}},"46":{"start":{"line":172,"column":38},"end":{"line":172,"column":null}},"47":{"start":{"line":173,"column":38},"end":{"line":173,"column":null}},"48":{"start":{"line":174,"column":38},"end":{"line":174,"column":null}},"49":{"start":{"line":176,"column":38},"end":{"line":176,"column":null}},"50":{"start":{"line":177,"column":38},"end":{"line":177,"column":null}},"51":{"start":{"line":180,"column":12},"end":{"line":182,"column":null}},"52":{"start":{"line":186,"column":12},"end":{"line":186,"column":null}}},"fnMap":{"0":{"name":"(anonymous_0)","decl":{"start":{"line":20,"column":5},"end":{"line":20,"column":6}},"loc":{"start":{"line":20,"column":47},"end":{"line":99,"column":null}},"line":20},"1":{"name":"(anonymous_1)","decl":{"start":{"line":25,"column":21},"end":{"line":25,"column":33}},"loc":{"start":{"line":25,"column":33},"end":{"line":47,"column":null}},"line":25},"2":{"name":"(anonymous_2)","decl":{"start":{"line":29,"column":17},"end":{"line":29,"column":23}},"loc":{"start":{"line":29,"column":23},"end":{"line":29,"column":43}},"line":29},"3":{"name":"(anonymous_3)","decl":{"start":{"line":42,"column":19},"end":{"line":42,"column":25}},"loc":{"start":{"line":42,"column":25},"end":{"line":42,"column":45}},"line":42},"4":{"name":"(anonymous_4)","decl":{"start":{"line":56,"column":9},"end":{"line":56,"column":10}},"loc":{"start":{"line":57,"column":10},"end":{"line":75,"column":null}},"line":57},"5":{"name":"(anonymous_5)","decl":{"start":{"line":68,"column":24},"end":{"line":68,"column":25}},"loc":{"start":{"line":69,"column":14},"end":{"line":73,"column":null}},"line":69},"6":{"name":"(anonymous_6)","decl":{"start":{"line":70,"column":26},"end":{"line":70,"column":27}},"loc":{"start":{"line":71,"column":18},"end":{"line":71,"column":null}},"line":71},"7":{"name":"(anonymous_7)","decl":{"start":{"line":108,"column":5},"end":{"line":108,"column":6}},"loc":{"start":{"line":108,"column":52},"end":{"line":132,"column":null}},"line":108},"8":{"name":"(anonymous_8)","decl":{"start":{"line":140,"column":5},"end":{"line":140,"column":6}},"loc":{"start":{"line":140,"column":39},"end":{"line":159,"column":null}},"line":140},"9":{"name":"(anonymous_9)","decl":{"start":{"line":161,"column":65},"end":{"line":161,"column":66}},"loc":{"start":{"line":161,"column":93},"end":{"line":194,"column":null}},"line":161},"10":{"name":"(anonymous_10)","decl":{"start":{"line":171,"column":14},"end":{"line":171,"column":15}},"loc":{"start":{"line":171,"column":38},"end":{"line":171,"column":null}},"line":171},"11":{"name":"(anonymous_11)","decl":{"start":{"line":172,"column":14},"end":{"line":172,"column":15}},"loc":{"start":{"line":172,"column":38},"end":{"line":172,"column":null}},"line":172},"12":{"name":"(anonymous_12)","decl":{"start":{"line":173,"column":14},"end":{"line":173,"column":15}},"loc":{"start":{"line":173,"column":38},"end":{"line":173,"column":null}},"line":173},"13":{"name":"(anonymous_13)","decl":{"start":{"line":174,"column":14},"end":{"line":174,"column":15}},"loc":{"start":{"line":174,"column":38},"end":{"line":174,"column":null}},"line":174},"14":{"name":"(anonymous_14)","decl":{"start":{"line":176,"column":14},"end":{"line":176,"column":15}},"loc":{"start":{"line":176,"column":38},"end":{"line":176,"column":null}},"line":176},"15":{"name":"(anonymous_15)","decl":{"start":{"line":177,"column":14},"end":{"line":177,"column":15}},"loc":{"start":{"line":177,"column":38},"end":{"line":177,"column":null}},"line":177},"16":{"name":"(anonymous_16)","decl":{"start":{"line":179,"column":17},"end":{"line":179,"column":18}},"loc":{"start":{"line":180,"column":12},"end":{"line":182,"column":null}},"line":180},"17":{"name":"(anonymous_17)","decl":{"start":{"line":184,"column":15},"end":{"line":184,"column":16}},"loc":{"start":{"line":186,"column":12},"end":{"line":186,"column":null}},"line":186}},"branchMap":{"0":{"loc":{"start":{"line":52,"column":15},"end":{"line":52,"column":null}},"type":"cond-expr","locations":[{"start":{"line":52,"column":29},"end":{"line":52,"column":45}},{"start":{"line":52,"column":45},"end":{"line":52,"column":null}}],"line":52},"1":{"loc":{"start":{"line":58,"column":26},"end":{"line":58,"column":41}},"type":"binary-expr","locations":[{"start":{"line":58,"column":26},"end":{"line":58,"column":39}},{"start":{"line":58,"column":39},"end":{"line":58,"column":41}}],"line":58},"2":{"loc":{"start":{"line":81,"column":47},"end":{"line":81,"column":90}},"type":"cond-expr","locations":[{"start":{"line":81,"column":58},"end":{"line":81,"column":88}},{"start":{"line":81,"column":88},"end":{"line":81,"column":90}}],"line":81},"3":{"loc":{"start":{"line":83,"column":20},"end":{"line":83,"column":null}},"type":"cond-expr","locations":[{"start":{"line":83,"column":31},"end":{"line":83,"column":43}},{"start":{"line":83,"column":43},"end":{"line":83,"column":null}}],"line":83},"4":{"loc":{"start":{"line":84,"column":15},"end":{"line":84,"column":null}},"type":"cond-expr","locations":[{"start":{"line":84,"column":26},"end":{"line":84,"column":38}},{"start":{"line":84,"column":38},"end":{"line":84,"column":null}}],"line":84},"5":{"loc":{"start":{"line":86,"column":9},"end":{"line":94,"column":null}},"type":"cond-expr","locations":[{"start":{"line":87,"column":10},"end":{"line":89,"column":null}},{"start":{"line":91,"column":10},"end":{"line":94,"column":null}}],"line":86},"6":{"loc":{"start":{"line":109,"column":38},"end":{"line":109,"column":53}},"type":"binary-expr","locations":[{"start":{"line":109,"column":38},"end":{"line":109,"column":51}},{"start":{"line":109,"column":51},"end":{"line":109,"column":53}}],"line":109},"7":{"loc":{"start":{"line":110,"column":19},"end":{"line":110,"column":null}},"type":"cond-expr","locations":[{"start":{"line":110,"column":27},"end":{"line":110,"column":38}},{"start":{"line":110,"column":38},"end":{"line":110,"column":null}}],"line":110},"8":{"loc":{"start":{"line":113,"column":2},"end":{"line":121,"column":null}},"type":"if","locations":[{"start":{"line":113,"column":2},"end":{"line":121,"column":null}},{"start":{},"end":{}}],"line":113},"9":{"loc":{"start":{"line":113,"column":6},"end":{"line":113,"column":24}},"type":"binary-expr","locations":[{"start":{"line":113,"column":6},"end":{"line":113,"column":17}},{"start":{"line":113,"column":17},"end":{"line":113,"column":24}}],"line":113},"10":{"loc":{"start":{"line":123,"column":2},"end":{"line":125,"column":null}},"type":"if","locations":[{"start":{"line":123,"column":2},"end":{"line":125,"column":null}},{"start":{},"end":{}}],"line":123},"11":{"loc":{"start":{"line":141,"column":2},"end":{"line":141,"column":null}},"type":"if","locations":[{"start":{"line":141,"column":2},"end":{"line":141,"column":null}},{"start":{},"end":{}}],"line":141},"12":{"loc":{"start":{"line":144,"column":21},"end":{"line":144,"column":null}},"type":"binary-expr","locations":[{"start":{"line":144,"column":21},"end":{"line":144,"column":45}},{"start":{"line":144,"column":45},"end":{"line":144,"column":70}},{"start":{"line":144,"column":70},"end":{"line":144,"column":null}}],"line":144},"13":{"loc":{"start":{"line":146,"column":2},"end":{"line":152,"column":null}},"type":"if","locations":[{"start":{"line":146,"column":2},"end":{"line":152,"column":null}},{"start":{},"end":{}}],"line":146},"14":{"loc":{"start":{"line":163,"column":40},"end":{"line":163,"column":55}},"type":"binary-expr","locations":[{"start":{"line":163,"column":40},"end":{"line":163,"column":53}},{"start":{"line":163,"column":53},"end":{"line":163,"column":55}}],"line":163},"15":{"loc":{"start":{"line":186,"column":83},"end":{"line":186,"column":100}},"type":"binary-expr","locations":[{"start":{"line":186,"column":83},"end":{"line":186,"column":96}},{"start":{"line":186,"column":96},"end":{"line":186,"column":100}}],"line":186}},"s":{"0":0,"1":0,"2":0,"3":0,"4":0,"5":0,"6":0,"7":0,"8":0,"9":0,"10":0,"11":0,"12":0,"13":0,"14":0,"15":0,"16":0,"17":0,"18":0,"19":0,"20":0,"21":0,"22":0,"23":0,"24":0,"25":0,"26":0,"27":0,"28":0,"29":0,"30":0,"31":0,"32":0,"33":0,"34":0,"35":0,"36":0,"37":0,"38":0,"39":0,"40":0,"41":0,"42":0,"43":0,"44":0,"45":0,"46":0,"47":0,"48":0,"49":0,"50":0,"51":0,"52":0},"f":{"0":0,"1":0,"2":0,"3":0,"4":0,"5":0,"6":0,"7":0,"8":0,"9":0,"10":0,"11":0,"12":0,"13":0,"14":0,"15":0,"16":0,"17":0},"b":{"0":[0,0],"1":[0,0],"2":[0,0],"3":[0,0],"4":[0,0],"5":[0,0],"6":[0,0],"7":[0,0],"8":[0,0],"9":[0,0],"10":[0,0],"11":[0,0],"12":[0,0,0],"13":[0,0],"14":[0,0],"15":[0,0]},"meta":{"lastBranch":16,"lastFunction":18,"lastStatement":53,"seen":{"s:20:5:99:Infinity":0,"f:20:5:20:6":0,"s:21:30:21:Infinity":1,"s:22:20:22:Infinity":2,"s:23:22:23:Infinity":3,"s:25:21:47:Infinity":4,"f:25:21:25:33":1,"s:26:4:46:Infinity":5,"s:27:6:27:Infinity":6,"s:28:6:28:Infinity":7,"s:29:6:29:Infinity":8,"f:29:17:29:23":2,"s:29:23:29:43":9,"s:32:23:32:Infinity":10,"s:33:6:33:Infinity":11,"s:34:6:34:Infinity":12,"s:35:6:35:Infinity":13,"s:36:6:36:Infinity":14,"s:37:6:37:Infinity":15,"s:38:6:38:Infinity":16,"s:39:6:45:Infinity":17,"s:40:8:40:Infinity":18,"s:41:8:41:Infinity":19,"s:42:8:42:Infinity":20,"f:42:19:42:25":3,"s:42:25:42:45":21,"s:44:8:44:Infinity":22,"s:49:2:97:Infinity":23,"b:52:29:52:45:52:45:52:Infinity":0,"f:56:9:56:10":4,"s:57:10:75:Infinity":24,"b:58:26:58:39:58:39:58:41":1,"f:68:24:68:25":5,"s:69:14:73:Infinity":25,"f:70:26:70:27":6,"s:71:18:71:Infinity":26,"b:81:58:81:88:81:88:81:90":2,"b:83:31:83:43:83:43:83:Infinity":3,"b:84:26:84:38:84:38:84:Infinity":4,"b:87:10:89:Infinity:91:10:94:Infinity":5,"s:108:5:132:Infinity":27,"f:108:5:108:6":7,"s:109:16:109:Infinity":28,"b:109:38:109:51:109:51:109:53":6,"s:110:19:110:Infinity":29,"b:110:27:110:38:110:38:110:Infinity":7,"s:111:22:111:Infinity":30,"b:113:2:121:Infinity:undefined:undefined:undefined:undefined":8,"s:113:2:121:Infinity":31,"b:113:6:113:17:113:17:113:24":9,"s:114:4:119:Infinity":32,"b:123:2:125:Infinity:undefined:undefined:undefined:undefined":10,"s:123:2:125:Infinity":33,"s:124:4:124:Infinity":34,"s:127:2:130:Infinity":35,"s:140:5:159:Infinity":36,"f:140:5:140:6":8,"b:141:2:141:Infinity:undefined:undefined:undefined:undefined":11,"s:141:2:141:Infinity":37,"s:141:13:141:Infinity":38,"s:144:21:144:Infinity":39,"b:144:21:144:45:144:45:144:70:144:70:144:Infinity":12,"b:146:2:152:Infinity:undefined:undefined:undefined:undefined":13,"s:146:2:152:Infinity":40,"s:147:4:150:Infinity":41,"s:154:2:157:Infinity":42,"s:161:65:194:Infinity":43,"f:161:65:161:66":9,"s:162:2:192:Infinity":44,"b:163:40:163:53:163:53:163:55":14,"f:171:14:171:15":10,"s:171:38:171:Infinity":45,"f:172:14:172:15":11,"s:172:38:172:Infinity":46,"f:173:14:173:15":12,"s:173:38:173:Infinity":47,"f:174:14:174:15":13,"s:174:38:174:Infinity":48,"f:176:14:176:15":14,"s:176:38:176:Infinity":49,"f:177:14:177:15":15,"s:177:38:177:Infinity":50,"f:179:17:179:18":16,"s:180:12:182:Infinity":51,"f:184:15:184:16":17,"s:186:12:186:Infinity":52,"b:186:83:186:96:186:96:186:100":15}}}
,"/Users/harryhua/Documents/GitHub/wiki-documents/src/components/AskAI/MessageBubble.tsx": {"path":"/Users/harryhua/Documents/GitHub/wiki-documents/src/components/AskAI/MessageBubble.tsx","statementMap":{"0":{"start":{"line":18,"column":5},"end":{"line":60,"column":null}},"1":{"start":{"line":19,"column":2},"end":{"line":60,"column":null}},"2":{"start":{"line":63,"column":59},"end":{"line":133,"column":null}},"3":{"start":{"line":68,"column":48},"end":{"line":68,"column":null}},"4":{"start":{"line":69,"column":17},"end":{"line":69,"column":null}},"5":{"start":{"line":71,"column":25},"end":{"line":75,"column":null}},"6":{"start":{"line":72,"column":4},"end":{"line":74,"column":null}},"7":{"start":{"line":73,"column":6},"end":{"line":73,"column":null}},"8":{"start":{"line":77,"column":27},"end":{"line":79,"column":null}},"9":{"start":{"line":78,"column":4},"end":{"line":78,"column":null}},"10":{"start":{"line":81,"column":28},"end":{"line":86,"column":null}},"11":{"start":{"line":82,"column":4},"end":{"line":84,"column":null}},"12":{"start":{"line":83,"column":6},"end":{"line":83,"column":null}},"13":{"start":{"line":85,"column":4},"end":{"line":85,"column":null}},"14":{"start":{"line":88,"column":2},"end":{"line":131,"column":null}},"15":{"start":{"line":127,"column":25},"end":{"line":127,"column":null}}},"fnMap":{"0":{"name":"(anonymous_0)","decl":{"start":{"line":18,"column":5},"end":{"line":18,"column":6}},"loc":{"start":{"line":19,"column":2},"end":{"line":60,"column":null}},"line":19},"1":{"name":"(anonymous_1)","decl":{"start":{"line":63,"column":59},"end":{"line":63,"column":60}},"loc":{"start":{"line":67,"column":6},"end":{"line":133,"column":null}},"line":67},"2":{"name":"(anonymous_2)","decl":{"start":{"line":71,"column":25},"end":{"line":71,"column":31}},"loc":{"start":{"line":71,"column":31},"end":{"line":75,"column":null}},"line":71},"3":{"name":"(anonymous_3)","decl":{"start":{"line":77,"column":27},"end":{"line":77,"column":33}},"loc":{"start":{"line":77,"column":33},"end":{"line":79,"column":null}},"line":77},"4":{"name":"(anonymous_4)","decl":{"start":{"line":81,"column":28},"end":{"line":81,"column":29}},"loc":{"start":{"line":81,"column":65},"end":{"line":86,"column":null}},"line":81},"5":{"name":"(anonymous_5)","decl":{"start":{"line":127,"column":19},"end":{"line":127,"column":25}},"loc":{"start":{"line":127,"column":25},"end":{"line":127,"column":null}},"line":127}},"branchMap":{"0":{"loc":{"start":{"line":21,"column":45},"end":{"line":21,"column":91}},"type":"cond-expr","locations":[{"start":{"line":21,"column":65},"end":{"line":21,"column":89}},{"start":{"line":21,"column":89},"end":{"line":21,"column":91}}],"line":21},"1":{"loc":{"start":{"line":41,"column":45},"end":{"line":41,"column":93}},"type":"cond-expr","locations":[{"start":{"line":41,"column":67},"end":{"line":41,"column":91}},{"start":{"line":41,"column":91},"end":{"line":41,"column":93}}],"line":41},"2":{"loc":{"start":{"line":65,"column":2},"end":{"line":65,"column":null}},"type":"default-arg","locations":[{"start":{"line":65,"column":16},"end":{"line":65,"column":null}}],"line":65},"3":{"loc":{"start":{"line":72,"column":4},"end":{"line":74,"column":null}},"type":"if","locations":[{"start":{"line":72,"column":4},"end":{"line":74,"column":null}},{"start":{},"end":{}}],"line":72},"4":{"loc":{"start":{"line":82,"column":4},"end":{"line":84,"column":null}},"type":"if","locations":[{"start":{"line":82,"column":4},"end":{"line":84,"column":null}},{"start":{},"end":{}}],"line":82},"5":{"loc":{"start":{"line":90,"column":44},"end":{"line":90,"column":109}},"type":"cond-expr","locations":[{"start":{"line":90,"column":53},"end":{"line":90,"column":80}},{"start":{"line":90,"column":80},"end":{"line":90,"column":109}}],"line":90},"6":{"loc":{"start":{"line":93,"column":9},"end":{"line":96,"column":null}},"type":"binary-expr","locations":[{"start":{"line":93,"column":9},"end":{"line":93,"column":null}},{"start":{"line":94,"column":10},"end":{"line":96,"column":null}}],"line":93},"7":{"loc":{"start":{"line":99,"column":11},"end":{"line":107,"column":null}},"type":"cond-expr","locations":[{"start":{"line":100,"column":12},"end":{"line":100,"column":null}},{"start":{"line":102,"column":12},"end":{"line":107,"column":null}}],"line":99},"8":{"loc":{"start":{"line":104,"column":15},"end":{"line":105,"column":null}},"type":"binary-expr","locations":[{"start":{"line":104,"column":15},"end":{"line":104,"column":null}},{"start":{"line":105,"column":16},"end":{"line":105,"column":null}}],"line":104},"9":{"loc":{"start":{"line":109,"column":11},"end":{"line":110,"column":null}},"type":"binary-expr","locations":[{"start":{"line":109,"column":11},"end":{"line":109,"column":22}},{"start":{"line":109,"column":22},"end":{"line":109,"column":41}},{"start":{"line":109,"column":41},"end":{"line":109,"column":null}},{"start":{"line":110,"column":12},"end":{"line":110,"column":null}}],"line":109},"10":{"loc":{"start":{"line":114,"column":7},"end":{"line":121,"column":null}},"type":"binary-expr","locations":[{"start":{"line":114,"column":7},"end":{"line":114,"column":18}},{"start":{"line":114,"column":18},"end":{"line":114,"column":34}},{"start":{"line":114,"column":34},"end":{"line":114,"column":null}},{"start":{"line":115,"column":8},"end":{"line":121,"column":null}}],"line":114},"11":{"loc":{"start":{"line":124,"column":7},"end":{"line":129,"column":null}},"type":"binary-expr","locations":[{"start":{"line":124,"column":7},"end":{"line":124,"column":null}},{"start":{"line":125,"column":8},"end":{"line":129,"column":null}}],"line":124}},"s":{"0":1,"1":8,"2":1,"3":10,"4":10,"5":10,"6":1,"7":1,"8":10,"9":2,"10":10,"11":1,"12":1,"13":1,"14":10,"15":0},"f":{"0":8,"1":10,"2":1,"3":2,"4":1,"5":0},"b":{"0":[1,7],"1":[0,8],"2":[10],"3":[1,0],"4":[1,0],"5":[1,9],"6":[10,9],"7":[1,9],"8":[9,0],"9":[10,9,9,9],"10":[10,9,9,8],"11":[10,9]},"meta":{"lastBranch":12,"lastFunction":6,"lastStatement":16,"seen":{"s:18:5:60:Infinity":0,"f:18:5:18:6":0,"s:19:2:60:Infinity":1,"b:21:65:21:89:21:89:21:91":0,"b:41:67:41:91:41:91:41:93":1,"s:63:59:133:Infinity":2,"f:63:59:63:60":1,"b:65:16:65:Infinity":2,"s:68:48:68:Infinity":3,"s:69:17:69:Infinity":4,"s:71:25:75:Infinity":5,"f:71:25:71:31":2,"b:72:4:74:Infinity:undefined:undefined:undefined:undefined":3,"s:72:4:74:Infinity":6,"s:73:6:73:Infinity":7,"s:77:27:79:Infinity":8,"f:77:27:77:33":3,"s:78:4:78:Infinity":9,"s:81:28:86:Infinity":10,"f:81:28:81:29":4,"b:82:4:84:Infinity:undefined:undefined:undefined:undefined":4,"s:82:4:84:Infinity":11,"s:83:6:83:Infinity":12,"s:85:4:85:Infinity":13,"s:88:2:131:Infinity":14,"b:90:53:90:80:90:80:90:109":5,"b:93:9:93:Infinity:94:10:96:Infinity":6,"b:100:12:100:Infinity:102:12:107:Infinity":7,"b:104:15:104:Infinity:105:16:105:Infinity":8,"b:109:11:109:22:109:22:109:41:109:41:109:Infinity:110:12:110:Infinity":9,"b:114:7:114:18:114:18:114:34:114:34:114:Infinity:115:8:121:Infinity":10,"b:124:7:124:Infinity:125:8:129:Infinity":11,"f:127:19:127:25":5,"s:127:25:127:Infinity":15}}}
,"/Users/harryhua/Documents/GitHub/wiki-documents/src/components/AskAI/MessageList.tsx": {"path":"/Users/harryhua/Documents/GitHub/wiki-documents/src/components/AskAI/MessageList.tsx","statementMap":{"0":{"start":{"line":17,"column":33},"end":{"line":42,"column":null}},"1":{"start":{"line":18,"column":2},"end":{"line":40,"column":null}},"2":{"start":{"line":44,"column":34},"end":{"line":49,"column":null}},"3":{"start":{"line":45,"column":2},"end":{"line":49,"column":null}},"4":{"start":{"line":56,"column":5},"end":{"line":154,"column":null}},"5":{"start":{"line":58,"column":2},"end":{"line":58,"column":null}},"6":{"start":{"line":58,"column":100},"end":{"line":58,"column":null}},"7":{"start":{"line":60,"column":22},"end":{"line":88,"column":null}},"8":{"start":{"line":61,"column":4},"end":{"line":72,"column":null}},"9":{"start":{"line":62,"column":6},"end":{"line":70,"column":null}},"10":{"start":{"line":73,"column":4},"end":{"line":80,"column":null}},"11":{"start":{"line":74,"column":6},"end":{"line":78,"column":null}},"12":{"start":{"line":81,"column":4},"end":{"line":86,"column":null}},"13":{"start":{"line":90,"column":22},"end":{"line":98,"column":null}},"14":{"start":{"line":91,"column":62},"end":{"line":96,"column":null}},"15":{"start":{"line":97,"column":4},"end":{"line":97,"column":null}},"16":{"start":{"line":100,"column":2},"end":{"line":152,"column":null}},"17":{"start":{"line":123,"column":12},"end":{"line":148,"column":null}},"18":{"start":{"line":156,"column":55},"end":{"line":205,"column":null}},"19":{"start":{"line":165,"column":8},"end":{"line":165,"column":null}},"20":{"start":{"line":166,"column":8},"end":{"line":166,"column":null}},"21":{"start":{"line":169,"column":2},"end":{"line":173,"column":null}},"22":{"start":{"line":170,"column":4},"end":{"line":172,"column":null}},"23":{"start":{"line":171,"column":6},"end":{"line":171,"column":null}},"24":{"start":{"line":175,"column":22},"end":{"line":175,"column":null}},"25":{"start":{"line":177,"column":2},"end":{"line":203,"column":null}},"26":{"start":{"line":183,"column":10},"end":{"line":188,"column":null}}},"fnMap":{"0":{"name":"(anonymous_0)","decl":{"start":{"line":17,"column":33},"end":{"line":17,"column":39}},"loc":{"start":{"line":17,"column":39},"end":{"line":42,"column":null}},"line":17},"1":{"name":"(anonymous_1)","decl":{"start":{"line":44,"column":34},"end":{"line":44,"column":null}},"loc":{"start":{"line":45,"column":2},"end":{"line":49,"column":null}},"line":45},"2":{"name":"(anonymous_2)","decl":{"start":{"line":56,"column":5},"end":{"line":56,"column":6}},"loc":{"start":{"line":56,"column":48},"end":{"line":154,"column":null}},"line":56},"3":{"name":"(anonymous_3)","decl":{"start":{"line":60,"column":22},"end":{"line":60,"column":23}},"loc":{"start":{"line":60,"column":61},"end":{"line":88,"column":null}},"line":60},"4":{"name":"(anonymous_4)","decl":{"start":{"line":90,"column":22},"end":{"line":90,"column":23}},"loc":{"start":{"line":90,"column":52},"end":{"line":98,"column":null}},"line":90},"5":{"name":"(anonymous_5)","decl":{"start":{"line":122,"column":25},"end":{"line":122,"column":26}},"loc":{"start":{"line":123,"column":12},"end":{"line":148,"column":null}},"line":123},"6":{"name":"(anonymous_6)","decl":{"start":{"line":156,"column":55},"end":{"line":156,"column":56}},"loc":{"start":{"line":164,"column":6},"end":{"line":205,"column":null}},"line":164},"7":{"name":"(anonymous_7)","decl":{"start":{"line":169,"column":12},"end":{"line":169,"column":18}},"loc":{"start":{"line":169,"column":18},"end":{"line":173,"column":5}},"line":169},"8":{"name":"(anonymous_8)","decl":{"start":{"line":182,"column":21},"end":{"line":182,"column":22}},"loc":{"start":{"line":183,"column":10},"end":{"line":188,"column":null}},"line":183}},"branchMap":{"0":{"loc":{"start":{"line":58,"column":2},"end":{"line":58,"column":null}},"type":"if","locations":[{"start":{"line":58,"column":2},"end":{"line":58,"column":null}},{"start":{},"end":{}}],"line":58},"1":{"loc":{"start":{"line":58,"column":6},"end":{"line":58,"column":100}},"type":"binary-expr","locations":[{"start":{"line":58,"column":6},"end":{"line":58,"column":33}},{"start":{"line":58,"column":33},"end":{"line":58,"column":66}},{"start":{"line":58,"column":66},"end":{"line":58,"column":80}},{"start":{"line":58,"column":80},"end":{"line":58,"column":100}}],"line":58},"2":{"loc":{"start":{"line":61,"column":4},"end":{"line":72,"column":null}},"type":"if","locations":[{"start":{"line":61,"column":4},"end":{"line":72,"column":null}},{"start":{},"end":{}}],"line":61},"3":{"loc":{"start":{"line":61,"column":8},"end":{"line":61,"column":71}},"type":"binary-expr","locations":[{"start":{"line":61,"column":8},"end":{"line":61,"column":43}},{"start":{"line":61,"column":43},"end":{"line":61,"column":71}}],"line":61},"4":{"loc":{"start":{"line":73,"column":4},"end":{"line":80,"column":null}},"type":"if","locations":[{"start":{"line":73,"column":4},"end":{"line":80,"column":null}},{"start":{},"end":{}}],"line":73},"5":{"loc":{"start":{"line":73,"column":8},"end":{"line":73,"column":68}},"type":"binary-expr","locations":[{"start":{"line":73,"column":8},"end":{"line":73,"column":38}},{"start":{"line":73,"column":38},"end":{"line":73,"column":68}}],"line":73},"6":{"loc":{"start":{"line":97,"column":11},"end":{"line":97,"column":null}},"type":"binary-expr","locations":[{"start":{"line":97,"column":11},"end":{"line":97,"column":34}},{"start":{"line":97,"column":34},"end":{"line":97,"column":null}}],"line":97},"7":{"loc":{"start":{"line":117,"column":11},"end":{"line":117,"column":null}},"type":"binary-expr","locations":[{"start":{"line":117,"column":11},"end":{"line":117,"column":24}},{"start":{"line":117,"column":24},"end":{"line":117,"column":null}}],"line":117},"8":{"loc":{"start":{"line":120,"column":7},"end":{"line":150,"column":null}},"type":"binary-expr","locations":[{"start":{"line":120,"column":7},"end":{"line":120,"column":20}},{"start":{"line":120,"column":20},"end":{"line":120,"column":null}},{"start":{"line":121,"column":8},"end":{"line":150,"column":null}}],"line":120},"9":{"loc":{"start":{"line":126,"column":16},"end":{"line":128,"column":null}},"type":"cond-expr","locations":[{"start":{"line":126,"column":44},"end":{"line":126,"column":null}},{"start":{"line":127,"column":16},"end":{"line":128,"column":null}}],"line":126},"10":{"loc":{"start":{"line":127,"column":16},"end":{"line":128,"column":null}},"type":"cond-expr","locations":[{"start":{"line":127,"column":46},"end":{"line":127,"column":null}},{"start":{"line":128,"column":16},"end":{"line":128,"column":null}}],"line":127},"11":{"loc":{"start":{"line":128,"column":16},"end":{"line":128,"column":null}},"type":"cond-expr","locations":[{"start":{"line":128,"column":43},"end":{"line":128,"column":67}},{"start":{"line":128,"column":67},"end":{"line":128,"column":null}}],"line":128},"12":{"loc":{"start":{"line":134,"column":17},"end":{"line":135,"column":null}},"type":"binary-expr","locations":[{"start":{"line":134,"column":17},"end":{"line":134,"column":null}},{"start":{"line":135,"column":18},"end":{"line":135,"column":null}}],"line":134},"13":{"loc":{"start":{"line":137,"column":17},"end":{"line":140,"column":null}},"type":"binary-expr","locations":[{"start":{"line":137,"column":17},"end":{"line":137,"column":null}},{"start":{"line":138,"column":18},"end":{"line":140,"column":null}}],"line":137},"14":{"loc":{"start":{"line":142,"column":17},"end":{"line":145,"column":null}},"type":"binary-expr","locations":[{"start":{"line":142,"column":17},"end":{"line":142,"column":null}},{"start":{"line":143,"column":18},"end":{"line":145,"column":null}}],"line":142},"15":{"loc":{"start":{"line":170,"column":4},"end":{"line":172,"column":null}},"type":"if","locations":[{"start":{"line":170,"column":4},"end":{"line":172,"column":null}},{"start":{},"end":{}}],"line":170},"16":{"loc":{"start":{"line":179,"column":7},"end":{"line":189,"column":null}},"type":"cond-expr","locations":[{"start":{"line":180,"column":8},"end":{"line":180,"column":null}},{"start":{"line":182,"column":8},"end":{"line":189,"column":null}}],"line":179},"17":{"loc":{"start":{"line":191,"column":7},"end":{"line":199,"column":null}},"type":"binary-expr","locations":[{"start":{"line":191,"column":7},"end":{"line":191,"column":20}},{"start":{"line":191,"column":20},"end":{"line":191,"column":null}},{"start":{"line":192,"column":8},"end":{"line":199,"column":null}}],"line":191}},"s":{"0":1,"1":2,"2":1,"3":1,"4":1,"5":7,"6":5,"7":2,"8":2,"9":1,"10":1,"11":1,"12":0,"13":2,"14":2,"15":2,"16":2,"17":2,"18":1,"19":7,"20":7,"21":7,"22":7,"23":7,"24":7,"25":7,"26":6},"f":{"0":2,"1":1,"2":7,"3":2,"4":2,"5":2,"6":7,"7":7,"8":6},"b":{"0":[5,2],"1":[7,6,5,5],"2":[1,1],"3":[2,1],"4":[1,0],"5":[1,0],"6":[2,0],"7":[2,0],"8":[7,2,1],"9":[1,1],"10":[1,0],"11":[0,0],"12":[2,1],"13":[2,1],"14":[2,0],"15":[7,0],"16":[2,5],"17":[7,1,1]},"meta":{"lastBranch":18,"lastFunction":9,"lastStatement":27,"seen":{"s:17:33:42:Infinity":0,"f:17:33:17:39":0,"s:18:2:40:Infinity":1,"s:44:34:49:Infinity":2,"f:44:34:44:Infinity":1,"s:45:2:49:Infinity":3,"s:56:5:154:Infinity":4,"f:56:5:56:6":2,"b:58:2:58:Infinity:undefined:undefined:undefined:undefined":0,"s:58:2:58:Infinity":5,"b:58:6:58:33:58:33:58:66:58:66:58:80:58:80:58:100":1,"s:58:100:58:Infinity":6,"s:60:22:88:Infinity":7,"f:60:22:60:23":3,"b:61:4:72:Infinity:undefined:undefined:undefined:undefined":2,"s:61:4:72:Infinity":8,"b:61:8:61:43:61:43:61:71":3,"s:62:6:70:Infinity":9,"b:73:4:80:Infinity:undefined:undefined:undefined:undefined":4,"s:73:4:80:Infinity":10,"b:73:8:73:38:73:38:73:68":5,"s:74:6:78:Infinity":11,"s:81:4:86:Infinity":12,"s:90:22:98:Infinity":13,"f:90:22:90:23":4,"s:91:62:96:Infinity":14,"s:97:4:97:Infinity":15,"b:97:11:97:34:97:34:97:Infinity":6,"s:100:2:152:Infinity":16,"b:117:11:117:24:117:24:117:Infinity":7,"b:120:7:120:20:120:20:120:Infinity:121:8:150:Infinity":8,"f:122:25:122:26":5,"s:123:12:148:Infinity":17,"b:126:44:126:Infinity:127:16:128:Infinity":9,"b:127:46:127:Infinity:128:16:128:Infinity":10,"b:128:43:128:67:128:67:128:Infinity":11,"b:134:17:134:Infinity:135:18:135:Infinity":12,"b:137:17:137:Infinity:138:18:140:Infinity":13,"b:142:17:142:Infinity:143:18:145:Infinity":14,"s:156:55:205:Infinity":18,"f:156:55:156:56":6,"s:165:8:165:Infinity":19,"s:166:8:166:Infinity":20,"s:169:2:173:Infinity":21,"f:169:12:169:18":7,"b:170:4:172:Infinity:undefined:undefined:undefined:undefined":15,"s:170:4:172:Infinity":22,"s:171:6:171:Infinity":23,"s:175:22:175:Infinity":24,"s:177:2:203:Infinity":25,"b:180:8:180:Infinity:182:8:189:Infinity":16,"f:182:21:182:22":8,"s:183:10:188:Infinity":26,"b:191:7:191:20:191:20:191:Infinity:192:8:199:Infinity":17}}}
,"/Users/harryhua/Documents/GitHub/wiki-documents/src/components/AskAI/SourceReference.tsx": {"path":"/Users/harryhua/Documents/GitHub/wiki-documents/src/components/AskAI/SourceReference.tsx","statementMap":{"0":{"start":{"line":10,"column":63},"end":{"line":72,"column":null}},"1":{"start":{"line":11,"column":26},"end":{"line":11,"column":null}},"2":{"start":{"line":13,"column":2},"end":{"line":15,"column":null}},"3":{"start":{"line":14,"column":4},"end":{"line":14,"column":null}},"4":{"start":{"line":17,"column":22},"end":{"line":22,"column":null}},"5":{"start":{"line":19,"column":4},"end":{"line":21,"column":null}},"6":{"start":{"line":20,"column":6},"end":{"line":20,"column":null}},"7":{"start":{"line":24,"column":28},"end":{"line":29,"column":null}},"8":{"start":{"line":25,"column":4},"end":{"line":28,"column":null}},"9":{"start":{"line":26,"column":6},"end":{"line":26,"column":null}},"10":{"start":{"line":27,"column":6},"end":{"line":27,"column":null}},"11":{"start":{"line":31,"column":2},"end":{"line":70,"column":null}},"12":{"start":{"line":34,"column":23},"end":{"line":34,"column":null}},"13":{"start":{"line":42,"column":10},"end":{"line":67,"column":null}},"14":{"start":{"line":45,"column":28},"end":{"line":45,"column":null}},"15":{"start":{"line":49,"column":14},"end":{"line":52,"column":null}},"16":{"start":{"line":50,"column":16},"end":{"line":50,"column":null}},"17":{"start":{"line":51,"column":16},"end":{"line":51,"column":null}}},"fnMap":{"0":{"name":"(anonymous_0)","decl":{"start":{"line":10,"column":63},"end":{"line":10,"column":64}},"loc":{"start":{"line":10,"column":80},"end":{"line":72,"column":null}},"line":10},"1":{"name":"(anonymous_1)","decl":{"start":{"line":17,"column":22},"end":{"line":17,"column":23}},"loc":{"start":{"line":17,"column":39},"end":{"line":22,"column":null}},"line":17},"2":{"name":"(anonymous_2)","decl":{"start":{"line":24,"column":28},"end":{"line":24,"column":29}},"loc":{"start":{"line":24,"column":92},"end":{"line":29,"column":null}},"line":24},"3":{"name":"(anonymous_3)","decl":{"start":{"line":34,"column":16},"end":{"line":34,"column":17}},"loc":{"start":{"line":34,"column":23},"end":{"line":34,"column":null}},"line":34},"4":{"name":"(anonymous_4)","decl":{"start":{"line":41,"column":21},"end":{"line":41,"column":22}},"loc":{"start":{"line":42,"column":10},"end":{"line":67,"column":null}},"line":42},"5":{"name":"(anonymous_5)","decl":{"start":{"line":45,"column":21},"end":{"line":45,"column":22}},"loc":{"start":{"line":45,"column":28},"end":{"line":45,"column":null}},"line":45},"6":{"name":"(anonymous_6)","decl":{"start":{"line":48,"column":23},"end":{"line":48,"column":24}},"loc":{"start":{"line":48,"column":30},"end":{"line":53,"column":null}},"line":48}},"branchMap":{"0":{"loc":{"start":{"line":13,"column":2},"end":{"line":15,"column":null}},"type":"if","locations":[{"start":{"line":13,"column":2},"end":{"line":15,"column":null}},{"start":{},"end":{}}],"line":13},"1":{"loc":{"start":{"line":13,"column":6},"end":{"line":13,"column":40}},"type":"binary-expr","locations":[{"start":{"line":13,"column":6},"end":{"line":13,"column":18}},{"start":{"line":13,"column":18},"end":{"line":13,"column":40}}],"line":13},"2":{"loc":{"start":{"line":19,"column":4},"end":{"line":21,"column":null}},"type":"if","locations":[{"start":{"line":19,"column":4},"end":{"line":21,"column":null}},{"start":{},"end":{}}],"line":19},"3":{"loc":{"start":{"line":25,"column":4},"end":{"line":28,"column":null}},"type":"if","locations":[{"start":{"line":25,"column":4},"end":{"line":28,"column":null}},{"start":{},"end":{}}],"line":25},"4":{"loc":{"start":{"line":33,"column":46},"end":{"line":33,"column":86}},"type":"cond-expr","locations":[{"start":{"line":33,"column":55},"end":{"line":33,"column":84}},{"start":{"line":33,"column":84},"end":{"line":33,"column":86}}],"line":33},"5":{"loc":{"start":{"line":44,"column":47},"end":{"line":44,"column":91}},"type":"cond-expr","locations":[{"start":{"line":44,"column":60},"end":{"line":44,"column":89}},{"start":{"line":44,"column":89},"end":{"line":44,"column":91}}],"line":44},"6":{"loc":{"start":{"line":46,"column":18},"end":{"line":46,"column":null}},"type":"co
[...]
rt":{"line":101,"column":15},"end":{"line":101,"column":null}},"type":"binary-expr","locations":[{"start":{"line":101,"column":15},"end":{"line":101,"column":30}},{"start":{"line":101,"column":30},"end":{"line":101,"column":null}}],"line":101},"6":{"loc":{"start":{"line":104,"column":8},"end":{"line":104,"column":null}},"type":"if","locations":[{"start":{"line":104,"column":8},"end":{"line":104,"column":null}},{"start":{},"end":{}}],"line":104},"7":{"loc":{"start":{"line":104,"column":12},"end":{"line":104,"column":56}},"type":"binary-expr","locations":[{"start":{"line":104,"column":12},"end":{"line":104,"column":28}},{"start":{"line":104,"column":28},"end":{"line":104,"column":56}}],"line":104},"8":{"loc":{"start":{"line":109,"column":8},"end":{"line":112,"column":null}},"type":"if","locations":[{"start":{"line":109,"column":8},"end":{"line":112,"column":null}},{"start":{},"end":{}}],"line":109},"9":{"loc":{"start":{"line":117,"column":10},"end":{"line":146,"column":null}},"type":"switch","locations":[{"start":{"line":118,"column":12},"end":{"line":120,"column":null}},{"start":{"line":122,"column":12},"end":{"line":124,"column":null}},{"start":{"line":126,"column":12},"end":{"line":128,"column":null}},{"start":{"line":130,"column":12},"end":{"line":132,"column":null}},{"start":{"line":134,"column":12},"end":{"line":136,"column":null}},{"start":{"line":138,"column":12},"end":{"line":141,"column":null}},{"start":{"line":143,"column":12},"end":{"line":145,"column":null}}],"line":117},"10":{"loc":{"start":{"line":153,"column":4},"end":{"line":161,"column":null}},"type":"if","locations":[{"start":{"line":153,"column":4},"end":{"line":161,"column":null}},{"start":{"line":159,"column":11},"end":{"line":161,"column":null}}],"line":153},"11":{"loc":{"start":{"line":154,"column":6},"end":{"line":157,"column":null}},"type":"if","locations":[{"start":{"line":154,"column":6},"end":{"line":157,"column":null}},{"start":{},"end":{}}],"line":154},"12":{"loc":{"start":{"line":188,"column":4},"end":{"line":190,"column":null}},"type":"if","locations":[{"start":{"line":188,"column":4},"end":{"line":190,"column":null}},{"start":{},"end":{}}],"line":188},"13":{"loc":{"start":{"line":202,"column":44},"end":{"line":202,"column":98}},"type":"default-arg","locations":[{"start":{"line":202,"column":73},"end":{"line":202,"column":98}}],"line":202},"14":{"loc":{"start":{"line":206,"column":4},"end":{"line":208,"column":null}},"type":"if","locations":[{"start":{"line":206,"column":4},"end":{"line":208,"column":null}},{"start":{},"end":{}}],"line":206},"15":{"loc":{"start":{"line":211,"column":11},"end":{"line":211,"column":null}},"type":"binary-expr","locations":[{"start":{"line":211,"column":11},"end":{"line":211,"column":39}},{"start":{"line":211,"column":39},"end":{"line":211,"column":null}}],"line":211},"16":{"loc":{"start":{"line":215,"column":11},"end":{"line":227,"column":null}},"type":"cond-expr","locations":[{"start":{"line":216,"column":8},"end":{"line":221,"column":null}},{"start":{"line":222,"column":8},"end":{"line":227,"column":null}}],"line":215}},"s":{"0":0,"1":0,"2":0,"3":0,"4":0,"5":0,"6":0,"7":0,"8":0,"9":0,"10":0,"11":0,"12":0,"13":0,"14":0,"15":0,"16":0,"17":0,"18":0,"19":0,"20":0,"21":0,"22":0,"23":0,"24":0,"25":0,"26":0,"27":0,"28":0,"29":0,"30":0,"31":0,"32":0,"33":0,"34":0,"35":0,"36":0,"37":0,"38":0,"39":0,"40":0,"41":0,"42":0,"43":0,"44":0,"45":0,"46":0,"47":0,"48":0,"49":0,"50":0,"51":0,"52":0,"53":0,"54":0,"55":0,"56":0,"57":0,"58":0,"59":0,"60":0,"61":0,"62":0,"63":0,"64":0,"65":0,"66":0,"67":0},"f":{"0":0,"1":0,"2":0,"3":0},"b":{"0":[0,0],"1":[0,0],"2":[0,0],"3":[0,0],"4":[0,0],"5":[0,0],"6":[0,0],"7":[0,0],"8":[0,0],"9":[0,0,0,0,0,0,0],"10":[0,0],"11":[0,0],"12":[0,0],"13":[0],"14":[0,0],"15":[0,0],"16":[0,0]},"meta":{"lastBranch":17,"lastFunction":4,"lastStatement":68,"seen":{"s:54:17:54:Infinity":0,"f:59:22:59:Infinity":0,"s:64:88:64:Infinity":1,"s:66:2:162:Infinity":2,"s:67:21:74:Infinity":3,"b:76:4:80:Infinity:undefined:undefined:undefined:undefined":0,"s:76:4:80:Infinity":4,"s:77:24:77:Infinity":5,"f:77:52:77:59":1,"s:77:59:77:111":6,"s:78:6:78:Infinity":7,"b:78:16:78:37:78:37:78:64":1,"b:78:64:78:82:78:82:78:94":2,"s:79:6:79:Infinity":8,"b:82:4:85:Infinity:undefined:undefined:undefined:undefined":3,"s:82:4:85:Infinity":9,"s:83:6:83:Infinity":10,"s:84:6:84:Infinity":11,"s:88:19:88:Infinity":12,"s:89:20:89:Infinity":13,"s:90:17:90:Infinity":14,"s:92:4:151:Infinity":15,"s:93:30:93:Infinity":16,"b:95:6:95:Infinity:undefined:undefined:undefined:undefined":4,"s:95:6:95:Infinity":17,"s:95:16:95:Infinity":18,"s:97:6:97:Infinity":19,"s:100:20:100:Infinity":20,"s:101:6:101:Infinity":21,"b:101:15:101:30:101:30:101:Infinity":5,"s:103:6:150:Infinity":22,"b:104:8:104:Infinity:undefined:undefined:undefined:undefined":6,"s:104:8:104:Infinity":23,"b:104:12:104:28:104:28:104:56":7,"s:104:56:104:Infinity":24,"s:106:21:106:Infinity":25,"b:109:8:112:Infinity:undefined:undefined:undefined:undefined":8,"s:109:8:112:Infinity":26,"s:110:10:110:Infinity":27,"s:111:10:111:Infinity":28,"s:114:8:149:Infinity":29,"s:115:34:115:Infinity":30,"b:118:12:120:Infinity:122:12:124:Infinity:126:12:128:Infinity:130:12:132:Infinity:134:12:136:Infinity:138:12:141:Infinity:143:12:145:Infinity":9,"s:117:10:146:Infinity":31,"s:119:14:119:Infinity":32,"s:120:14:120:Infinity":33,"s:123:14:123:Infinity":34,"s:124:14:124:Infinity":35,"s:127:14:127:Infinity":36,"s:128:14:128:Infinity":37,"s:131:14:131:Infinity":38,"s:132:14:132:Infinity":39,"s:135:14:135:Infinity":40,"s:136:14:136:Infinity":41,"s:139:30:139:Infinity":42,"s:140:14:140:Infinity":43,"s:141:14:141:Infinity":44,"s:144:14:144:Infinity":45,"s:145:14:145:Infinity":46,"s:148:10:148:Infinity":47,"b:153:4:161:Infinity:159:11:161:Infinity":10,"s:153:4:161:Infinity":48,"b:154:6:157:Infinity:undefined:undefined:undefined:undefined":11,"s:154:6:157:Infinity":49,"s:156:8:156:Infinity":50,"s:158:6:158:Infinity":51,"s:160:6:160:Infinity":52,"f:168:22:168:Infinity":2,"s:174:2:196:Infinity":53,"s:175:21:186:Infinity":54,"b:188:4:190:Infinity:undefined:undefined:undefined:undefined":12,"s:188:4:190:Infinity":55,"s:189:6:189:Infinity":56,"s:192:4:192:Infinity":57,"s:194:4:194:Infinity":58,"s:195:4:195:Infinity":59,"f:202:22:202:44":3,"b:202:73:202:98":13,"s:203:2:228:Infinity":60,"s:204:21:204:Infinity":61,"b:206:4:208:Infinity:undefined:undefined:undefined:undefined":14,"s:206:4:208:Infinity":62,"s:207:6:207:Infinity":63,"s:210:17:210:Infinity":64,"s:211:4:211:Infinity":65,"b:211:11:211:39:211:39:211:Infinity":15,"s:213:4:213:Infinity":66,"s:215:4:227:Infinity":67,"b:216:8:221:Infinity:222:8:227:Infinity":16}}}
,"/Users/harryhua/Documents/GitHub/wiki-documents/src/utils/chatExport.ts": {"path":"/Users/harryhua/Documents/GitHub/wiki-documents/src/utils/chatExport.ts","statementMap":{"0":{"start":{"line":8,"column":19},"end":{"line":10,"column":null}},"1":{"start":{"line":9,"column":2},"end":{"line":9,"column":null}},"2":{"start":{"line":15,"column":25},"end":{"line":31,"column":null}},"3":{"start":{"line":16,"column":16},"end":{"line":16,"column":null}},"4":{"start":{"line":18,"column":18},"end":{"line":28,"column":null}},"5":{"start":{"line":19,"column":17},"end":{"line":19,"column":null}},"6":{"start":{"line":20,"column":17},"end":{"line":20,"column":null}},"7":{"start":{"line":21,"column":15},"end":{"line":21,"column":null}},"8":{"start":{"line":23,"column":4},"end":{"line":25,"column":null}},"9":{"start":{"line":24,"column":6},"end":{"line":24,"column":null}},"10":{"start":{"line":24,"column":55},"end":{"line":24,"column":91}},"11":{"start":{"line":27,"column":4},"end":{"line":27,"column":null}},"12":{"start":{"line":30,"column":2},"end":{"line":30,"column":null}},"13":{"start":{"line":36,"column":20},"end":{"line":52,"column":null}},"14":{"start":{"line":37,"column":16},"end":{"line":37,"column":null}},"15":{"start":{"line":39,"column":18},"end":{"line":49,"column":null}},"16":{"start":{"line":40,"column":17},"end":{"line":40,"column":null}},"17":{"start":{"line":41,"column":17},"end":{"line":41,"column":null}},"18":{"start":{"line":42,"column":15},"end":{"line":42,"column":null}},"19":{"start":{"line":44,"column":4},"end":{"line":46,"column":null}},"20":{"start":{"line":45,"column":6},"end":{"line":45,"column":null}},"21":{"start":{"line":45,"column":55},"end":{"line":45,"column":88}},"22":{"start":{"line":48,"column":4},"end":{"line":48,"column":null}},"23":{"start":{"line":51,"column":2},"end":{"line":51,"column":null}},"24":{"start":{"line":57,"column":21},"end":{"line":67,"column":null}},"25":{"start":{"line":58,"column":15},"end":{"line":58,"column":null}},"26":{"start":{"line":59,"column":14},"end":{"line":59,"column":null}},"27":{"start":{"line":60,"column":12},"end":{"line":60,"column":null}},"28":{"start":{"line":61,"column":2},"end":{"line":61,"column":null}},"29":{"start":{"line":62,"column":2},"end":{"line":62,"column":null}},"30":{"start":{"line":63,"column":2},"end":{"line":63,"column":null}},"31":{"start":{"line":64,"column":2},"end":{"line":64,"column":null}},"32":{"start":{"line":65,"column":2},"end":{"line":65,"column":null}},"33":{"start":{"line":66,"column":2},"end":{"line":66,"column":null}},"34":{"start":{"line":72,"column":33},"end":{"line":103,"column":null}},"35":{"start":{"line":77,"column":8},"end":{"line":77,"column":null}},"36":{"start":{"line":78,"column":17},"end":{"line":78,"column":null}},"37":{"start":{"line":80,"column":2},"end":{"line":102,"column":null}},"38":{"start":{"line":82,"column":6},"end":{"line":86,"column":null}},"39":{"start":{"line":87,"column":6},"end":{"line":87,"column":null}},"40":{"start":{"line":89,"column":6},"end":{"line":93,"column":null}},"41":{"start":{"line":94,"column":6},"end":{"line":94,"column":null}},"42":{"start":{"line":96,"column":6},"end":{"line":100,"column":null}},"43":{"start":{"line":101,"column":6},"end":{"line":101,"column":null}}},"fnMap":{"0":{"name":"(anonymous_0)","decl":{"start":{"line":8,"column":19},"end":{"line":8,"column":20}},"loc":{"start":{"line":8,"column":50},"end":{"line":10,"column":null}},"line":8},"1":{"name":"(anonymous_1)","decl":{"start":{"line":15,"column":25},"end":{"line":15,"column":26}},"loc":{"start":{"line":15,"column":77},"end":{"line":31,"column":null}},"line":15},"2":{"name":"(anonymous_2)","decl":{"start":{"line":18,"column":31},"end":{"line":18,"column":38}},"loc":{"start":{"line":18,"column":38},"end":{"line":28,"column":3}},"line":18},"3":{"name":"(anonymous_3)","decl":{"start":{"line":24,"column":45},"end":{"line":24,"column":46}},"loc":{"start":{"line":24,"column":55},"end":{"line":24,"column":91}},"line":24},"4":{"name":"(anonymous_4)","decl":{"start":{"line":36,"column":20},"end":{"line":36,"column":21}},"loc":{"start":{"line":36,"column":72},"end":{"line":52,"column":null}},"line":36},"5":{"name":"(anonymous_5)","decl":{"start":{"line":39,"column":31},"end":{"line":39,"column":38}},"loc":{"start":{"line":39,"column":38},"end":{"line":49,"column":3}},"line":39},"6":{"name":"(anonymous_6)","decl":{"start":{"line":45,"column":45},"end":{"line":45,"column":46}},"loc":{"start":{"line":45,"column":55},"end":{"line":45,"column":88}},"line":45},"7":{"name":"(anonymous_7)","decl":{"start":{"line":57,"column":21},"end":{"line":57,"column":22}},"loc":{"start":{"line":57,"column":74},"end":{"line":67,"column":null}},"line":57},"8":{"name":"(anonymous_8)","decl":{"start":{"line":72,"column":33},"end":{"line":72,"column":null}},"loc":{"start":{"line":76,"column":5},"end":{"line":103,"column":null}},"line":76}},"branchMap":{"0":{"loc":{"start":{"line":19,"column":17},"end":{"line":19,"column":null}},"type":"cond-expr","locations":[{"start":{"line":19,"column":39},"end":{"line":19,"column":52}},{"start":{"line":19,"column":52},"end":{"line":19,"column":null}}],"line":19},"1":{"loc":{"start":{"line":23,"column":4},"end":{"line":25,"column":null}},"type":"if","locations":[{"start":{"line":23,"column":4},"end":{"line":25,"column":null}},{"start":{},"end":{}}],"line":23},"2":{"loc":{"start":{"line":23,"column":8},"end":{"line":23,"column":47}},"type":"binary-expr","locations":[{"start":{"line":23,"column":8},"end":{"line":23,"column":23}},{"start":{"line":23,"column":23},"end":{"line":23,"column":47}}],"line":23},"3":{"loc":{"start":{"line":40,"column":17},"end":{"line":40,"column":null}},"type":"cond-expr","locations":[{"start":{"line":40,"column":39},"end":{"line":40,"column":48}},{"start":{"line":40,"column":48},"end":{"line":40,"column":null}}],"line":40},"4":{"loc":{"start":{"line":44,"column":4},"end":{"line":46,"column":null}},"type":"if","locations":[{"start":{"line":44,"column":4},"end":{"line":46,"column":null}},{"start":{},"end":{}}],"line":44},"5":{"loc":{"start":{"line":44,"column":8},"end":{"line":44,"column":47}},"type":"binary-expr","locations":[{"start":{"line":44,"column":8},"end":{"line":44,"column":23}},{"start":{"line":44,"column":23},"end":{"line":44,"column":47}}],"line":44},"6":{"loc":{"start":{"line":75,"column":2},"end":{"line":75,"column":null}},"type":"default-arg","locations":[{"start":{"line":75,"column":25},"end":{"line":75,"column":null}}],"line":75},"7":{"loc":{"start":{"line":80,"column":2},"end":{"line":102,"column":null}},"type":"switch","locations":[{"start":{"line":81,"column":4},"end":{"line":87,"column":null}},{"start":{"line":88,"column":4},"end":{"line":94,"column":null}},{"start":{"line":95,"column":4},"end":{"line":101,"column":null}}],"line":80}},"s":{"0":2,"1":6,"2":2,"3":3,"4":3,"5":4,"6":4,"7":4,"8":4,"9":0,"10":0,"11":4,"12":3,"13":2,"14":1,"15":1,"16":2,"17":2,"18":2,"19":2,"20":0,"21":0,"22":2,"23":1,"24":2,"25":5,"26":5,"27":5,"28":5,"29":5,"30":5,"31":5,"32":5,"33":5,"34":2,"35":5,"36":5,"37":5,"38":3,"39":3,"40":1,"41":1,"42":1,"43":1},"f":{"0":6,"1":3,"2":4,"3":0,"4":1,"5":2,"6":0,"7":5,"8":5},"b":{"0":[2,2],"1":[0,4],"2":[4,0],"3":[1,1],"4":[0,2],"5":[2,0],"6":[5],"7":[3,1,1]},"meta":{"lastBranch":8,"lastFunction":9,"lastStatement":44,"seen":{"s:8:19:10:Infinity":0,"f:8:19:8:20":0,"s:9:2:9:Infinity":1,"s:15:25:31:Infinity":2,"f:15:25:15:26":1,"s:16:16:16:Infinity":3,"s:18:18:28:Infinity":4,"f:18:31:18:38":2,"s:19:17:19:Infinity":5,"b:19:39:19:52:19:52:19:Infinity":0,"s:20:17:20:Infinity":6,"s:21:15:21:Infinity":7,"b:23:4:25:Infinity:undefined:undefined:undefined:undefined":1,"s:23:4:25:Infinity":8,"b:23:8:23:23:23:23:23:47":2,"s:24:6:24:Infinity":9,"f:24:45:24:46":3,"s:24:55:24:91":10,"s:27:4:27:Infinity":11,"s:30:2:30:Infinity":12,"s:36:20:52:Infinity":13,"f:36:20:36:21":4,"s:37:16:37:Infinity":14,"s:39:18:49:Infinity":15,"f:39:31:39:38":5,"s:40:17:40:Infinity":16,"b:40:39:40:48:40:48:40:Infinity":3,"s:41:17:41:Infinity":17,"s:42:15:42:Infinity":18,"b:44:4:46:Infinity:undefined:undefined:undefined:undefined":4,"s:44:4:46:Infinity":19,"b:44:8:44:23:44:23:44:47":5,"s:45:6:45:Infinity":20,"f:45:45:45:46":6,"s:45:55:45:88":21,"s:48:4:48:Infinity":22,"s:51:2:51:Infinity":23,"s:57:21:67:Infinity":24,"f:57:21:57:22":7,"s:58:15:58:Infinity":25,"s:59:14:59:Infinity":26,"s:60:12:60:Infinity":27,"s:61:2:61:Infinity":28,"s:62:2:62:Infinity":29,"s:63:2:63:Infinity":30,"s:64:2:64:Infinity":31,"s:65:2:65:Infinity":32,"s:66:2:66:Infinity":33,"s:72:33:103:Infinity":34,"f:72:33:72:Infinity":8,"b:75:25:75:Infinity":6,"s:77:8:77:Infinity":35,"s:78:17:78:Infinity":36,"b:81:4:87:Infinity:88:4:94:Infinity:95:4:101:Infinity":7,"s:80:2:102:Infinity":37,"s:82:6:86:Infinity":38,"s:87:6:87:Infinity":39,"s:89:6:93:Infinity":40,"s:94:6:94:Infinity":41,"s:96:6:100:Infinity":42,"s:101:6:101:Infinity":43}}}
,"/Users/harryhua/Documents/GitHub/wiki-documents/src/utils/languageDetection.ts": {"path":"/Users/harryhua/Documents/GitHub/wiki-documents/src/utils/languageDetection.ts","statementMap":{"0":{"start":{"line":14,"column":22},"end":{"line":14,"column":null}},"1":{"start":{"line":16,"column":2},"end":{"line":18,"column":null}},"2":{"start":{"line":17,"column":4},"end":{"line":17,"column":null}},"3":{"start":{"line":21,"column":23},"end":{"line":21,"column":null}},"4":{"start":{"line":22,"column":25},"end":{"line":22,"column":null}},"5":{"start":{"line":23,"column":23},"end":{"line":23,"column":null}},"6":{"start":{"line":26,"column":21},"end":{"line":26,"column":null}},"7":{"start":{"line":27,"column":23},"end":{"line":27,"column":null}},"8":{"start":{"line":28,"column":21},"end":{"line":28,"column":null}},"9":{"start":{"line":30,"column":21},"end":{"line":30,"column":null}},"10":{"start":{"line":32,"column":2},"end":{"line":34,"column":null}},"11":{"start":{"line":33,"column":4},"end":{"line":33,"column":null}},"12":{"start":{"line":37,"column":23},"end":{"line":37,"column":null}},"13":{"start":{"line":38,"column":2},"end":{"line":38,"column":null}},"14":{"start":{"line":48,"column":2},"end":{"line":50,"column":null}},"15":{"start":{"line":49,"column":4},"end":{"line":49,"column":null}},"16":{"start":{"line":51,"column":2},"end":{"line":51,"column":null}},"17":{"start":{"line":67,"column":2},"end":{"line":67,"column":null}}},"fnMap":{"0":{"name":"detectUserLanguage","decl":{"start":{"line":13,"column":16},"end":{"line":13,"column":35}},"loc":{"start":{"line":13,"column":67},"end":{"line":39,"column":null}},"line":13},"1":{"name":"normalizeLocale","decl":{"start":{"line":47,"column":16},"end":{"line":47,"column":32}},"loc":{"start":{"line":47,"column":66},"end":{"line":52,"column":null}},"line":47},"2":{"name":"getResponseLanguage","decl":{"start":{"line":62,"column":16},"end":{"line":62,"column":null}},"loc":{"start":{"line":65,"column":20},"end":{"line":68,"column":null}},"line":65}},"branchMap":{"0":{"loc":{"start":{"line":16,"column":2},"end":{"line":18,"column":null}},"type":"if","locations":[{"start":{"line":16,"column":2},"end":{"line":18,"column":null}},{"start":{},"end":{}}],"line":16},"1":{"loc":{"start":{"line":23,"column":23},"end":{"line":23,"column":null}},"type":"cond-expr","locations":[{"start":{"line":23,"column":40},"end":{"line":23,"column":64}},{"start":{"line":23,"column":64},"end":{"line":23,"column":null}}],"line":23},"2":{"loc":{"start":{"line":28,"column":21},"end":{"line":28,"column":null}},"type":"cond-expr","locations":[{"start":{"line":28,"column":36},"end":{"line":28,"column":58}},{"start":{"line":28,"column":58},"end":{"line":28,"column":null}}],"line":28},"3":{"loc":{"start":{"line":32,"column":2},"end":{"line":34,"column":null}},"type":"if","locations":[{"start":{"line":32,"column":2},"end":{"line":34,"column":null}},{"start":{},"end":{}}],"line":32},"4":{"loc":{"start":{"line":38,"column":9},"end":{"line":38,"column":null}},"type":"cond-expr","locations":[{"start":{"line":38,"column":30},"end":{"line":38,"column":42}},{"start":{"line":38,"column":42},"end":{"line":38,"column":null}}],"line":38},"5":{"loc":{"start":{"line":48,"column":2},"end":{"line":50,"column":null}},"type":"if","locations":[{"start":{"line":48,"column":2},"end":{"line":50,"column":null}},{"start":{},"end":{}}],"line":48}},"s":{"0":10,"1":10,"2":2,"3":8,"4":8,"5":8,"6":10,"7":10,"8":10,"9":10,"10":10,"11":2,"12":6,"13":6,"14":5,"15":3,"16":2,"17":4},"f":{"0":10,"1":5,"2":4},"b":{"0":[2,8],"1":[4,4],"2":[4,4],"3":[2,8],"4":[3,3],"5":[3,2]},"meta":{"lastBranch":6,"lastFunction":3,"lastStatement":18,"seen":{"f:13:16:13:35":0,"s:14:22:14:Infinity":0,"b:16:2:18:Infinity:undefined:undefined:undefined:undefined":0,"s:16:2:18:Infinity":1,"s:17:4:17:Infinity":2,"s:21:23:21:Infinity":3,"s:22:25:22:Infinity":4,"s:23:23:23:Infinity":5,"b:23:40:23:64:23:64:23:Infinity":1,"s:26:21:26:Infinity":6,"s:27:23:27:Infinity":7,"s:28:21:28:Infinity":8,"b:28:36:28:58:28:58:28:Infinity":2,"s:30:21:30:Infinity":9,"b:32:2:34:Infinity:undefined:undefined:undefined:undefined":3,"s:32:2:34:Infinity":10,"s:33:4:33:Infinity":11,"s:37:23:37:Infinity":12,"s:38:2:38:Infinity":13,"b:38:30:38:42:38:42:38:Infinity":4,"f:47:16:47:32":1,"b:48:2:50:Infinity:undefined:undefined:undefined:undefined":5,"s:48:2:50:Infinity":14,"s:49:4:49:Infinity":15,"s:51:2:51:Infinity":16,"f:62:16:62:Infinity":2,"s:67:2:67:Infinity":17}}}
}
