TN:
SF:src/components/AccessoriesTable.tsx
FN:16,(anonymous_0)
FN:56,(anonymous_1)
FN:81,(anonymous_2)
FNF:3
FNH:0
FNDA:0,(anonymous_0)
FNDA:0,(anonymous_1)
FNDA:0,(anonymous_2)
DA:16,0
DA:17,0
DA:57,0
DA:82,0
LF:4
LH:0
BRDA:65,0,0,0
BRDA:65,0,1,0
BRF:2
BRH:0
end_of_record
TN:
SF:src/components/ApplicationScenarios.tsx
FN:25,(anonymous_0)
FN:44,(anonymous_1)
FN:76,(anonymous_2)
FN:91,(anonymous_3)
FN:94,(anonymous_4)
FNF:5
FNH:0
FNDA:0,(anonymous_0)
FNDA:0,(anonymous_1)
FNDA:0,(anonymous_2)
FNDA:0,(anonymous_3)
FNDA:0,(anonymous_4)
DA:25,0
DA:33,0
DA:34,0
DA:37,0
DA:38,0
DA:40,0
DA:45,0
DA:77,0
DA:92,0
DA:95,0
LF:10
LH:0
BRDA:28,0,0,0
BRDA:29,1,0,0
BRDA:30,2,0,0
BRDA:31,3,0,0
BRDA:42,4,0,0
BRDA:42,4,1,0
BRDA:99,5,0,0
BRDA:99,5,1,0
BRDA:114,6,0,0
BRDA:114,6,1,0
BRF:10
BRH:0
end_of_record
TN:
SF:src/components/ProductCarousel.tsx
FN:8,(anonymous_0)
FN:56,(anonymous_1)
FN:57,(anonymous_2)
FN:60,(anonymous_3)
FN:61,(anonymous_4)
FN:65,(anonymous_5)
FN:67,(anonymous_6)
FN:73,(anonymous_7)
FN:93,(anonymous_8)
FN:110,(anonymous_9)
FN:114,(anonymous_10)
FNF:11
FNH:0
FNDA:0,(anonymous_0)
FNDA:0,(anonymous_1)
FNDA:0,(anonymous_2)
FNDA:0,(anonymous_3)
FNDA:0,(anonymous_4)
FNDA:0,(anonymous_5)
FNDA:0,(anonymous_6)
FNDA:0,(anonymous_7)
FNDA:0,(anonymous_8)
FNDA:0,(anonymous_9)
FNDA:0,(anonymous_10)
DA:8,0
DA:9,0
DA:11,0
DA:56,0
DA:57,0
DA:60,0
DA:61,0
DA:65,0
DA:66,0
DA:67,0
DA:70,0
DA:74,0
DA:94,0
DA:111,0
DA:114,0
LF:15
LH:0
BRDA:81,0,0,0
BRDA:81,0,1,0
BRDA:82,1,0,0
BRDA:82,1,1,0
BRF:4
BRH:0
end_of_record
TN:
SF:src/components/VideoCarousel.tsx
FN:12,VideoCarousel
FN:21,(anonymous_1)
FN:22,(anonymous_2)
FN:25,(anonymous_3)
FN:26,(anonymous_4)
FN:51,(anonymous_5)
FNF:6
FNH:0
FNDA:0,VideoCarousel
FNDA:0,(anonymous_1)
FNDA:0,(anonymous_2)
FNDA:0,(anonymous_3)
FNDA:0,(anonymous_4)
FNDA:0,(anonymous_5)
DA:16,0
DA:17,0
DA:18,0
DA:19,0
DA:21,0
DA:22,0
DA:25,0
DA:26,0
DA:30,0
DA:31,0
DA:33,0
DA:52,0
LF:12
LH:0
BRF:0
BRH:0
end_of_record
TN:
SF:src/components/VideoModal.tsx
FN:10,VideoModal
FN:14,(anonymous_1)
FN:20,(anonymous_2)
FN:27,(anonymous_3)
FN:37,(anonymous_4)
FN:38,(anonymous_5)
FN:39,(anonymous_6)
FNF:7
FNH:0
FNDA:0,VideoModal
FNDA:0,(anonymous_1)
FNDA:0,(anonymous_2)
FNDA:0,(anonymous_3)
FNDA:0,(anonymous_4)
FNDA:0,(anonymous_5)
FNDA:0,(anonymous_6)
DA:11,0
DA:14,0
DA:15,0
DA:16,0
DA:18,0
DA:20,0
DA:21,0
DA:25,0
DA:27,0
DA:37,0
DA:38,0
DA:39,0
LF:12
LH:0
BRDA:15,0,0,0
BRDA:15,0,1,0
BRDA:36,1,0,0
BRDA:36,1,1,0
BRF:4
BRH:0
end_of_record
TN:
SF:src/components/AskAI/ChatButton.tsx
FN:13,ChatButton
FNF:1
FNH:1
FNDA:6,ChatButton
DA:14,6
LF:1
LH:1
BRDA:17,0,0,2
BRDA:17,0,1,4
BRDA:17,1,0,6
BRDA:17,1,1,5
BRDA:18,2,0,2
BRDA:18,2,1,4
BRDA:21,3,0,2
BRDA:21,3,1,4
BRF:8
BRH:8
end_of_record
TN:
SF:src/components/AskAI/ChatWidget.tsx
FN:15,ChatWidget
FN:36,(anonymous_1)
FN:37,(anonymous_2)
FN:43,(anonymous_3)
FN:69,(anonymous_4)
FNF:5
FNH:4
FNDA:7,ChatWidget
FNDA:7,(anonymous_1)
FNDA:2,(anonymous_2)
FNDA:7,(anonymous_3)
FNDA:0,(anonymous_4)
DA:31,7
DA:33,7
DA:36,7
DA:37,7
DA:38,2
DA:39,1
DA:42,7
DA:43,7
DA:46,7
DA:71,0
LF:10
LH:9
BRDA:38,0,0,1
BRDA:38,0,1,1
BRDA:38,1,0,2
BRDA:38,1,1,2
BRDA:53,2,0,7
BRDA:53,2,1,4
BRF:6
BRH:6
end_of_record
TN:
SF:src/components/AskAI/ChatWindow.tsx
FN:36,(anonymous_0)
FN:62,(anonymous_1)
FN:70,(anonymous_2)
FN:73,(anonymous_3)
FN:83,(anonymous_4)
FN:91,(anonymous_5)
FN:98,(anonymous_6)
FN:104,(anonymous_7)
FN:109,(anonymous_8)
FN:114,(anonymous_9)
FN:129,(anonymous_10)
FN:130,(anonymous_11)
FN:231,(anonymous_12)
FNF:13
FNH:0
FNDA:0,(anonymous_0)
FNDA:0,(anonymous_1)
FNDA:0,(anonymous_2)
FNDA:0,(anonymous_3)
FNDA:0,(anonymous_4)
FNDA:0,(anonymous_5)
FNDA:0,(anonymous_6)
FNDA:0,(anonymous_7)
FNDA:0,(anonymous_8)
FNDA:0,(anonymous_9)
FNDA:0,(anonymous_10)
FNDA:0,(anonymous_11)
FNDA:0,(anonymous_12)
DA:36,0
DA:52,0
DA:53,0
DA:54,0
DA:57,0
DA:58,0
DA:59,0
DA:62,0
DA:63,0
DA:64,0
DA:65,0
DA:70,0
DA:71,0
DA:73,0
DA:76,0
DA:77,0
DA:83,0
DA:84,0
DA:85,0
DA:87,0
DA:88,0
DA:91,0
DA:92,0
DA:93,0
DA:94,0
DA:98,0
DA:99,0
DA:100,0
DA:104,0
DA:105,0
DA:106,0
DA:109,0
DA:110,0
DA:111,0
DA:114,0
DA:115,0
DA:116,0
DA:118,0
DA:119,0
DA:122,0
DA:123,0
DA:124,0
DA:127,0
DA:129,0
DA:130,0
DA:134,0
DA:138,0
DA:231,0
LF:48
LH:0
BRDA:44,0,0,0
BRDA:63,1,0,0
BRDA:63,1,1,0
BRDA:71,2,0,0
BRDA:71,2,1,0
BRDA:76,3,0,0
BRDA:76,3,1,0
BRDA:76,4,0,0
BRDA:76,4,1,0
BRDA:85,5,0,0
BRDA:85,5,1,0
BRDA:85,6,0,0
BRDA:85,6,1,0
BRDA:92,7,0,0
BRDA:92,7,1,0
BRDA:92,8,0,0
BRDA:92,8,1,0
BRDA:99,9,0,0
BRDA:99,9,1,0
BRDA:110,10,0,0
BRDA:110,10,1,0
BRDA:115,11,0,0
BRDA:115,11,1,0
BRDA:115,12,0,0
BRDA:115,12,1,0
BRDA:118,13,0,0
BRDA:118,13,1,0
BRDA:134,14,0,0
BRDA:134,14,1,0
BRDA:134,15,0,0
BRDA:134,15,1,0
BRDA:134,15,2,0
BRDA:134,15,3,0
BRDA:140,16,0,0
BRDA:140,16,1,0
BRDA:140,17,0,0
BRDA:140,17,1,0
BRDA:164,18,0,0
BRDA:164,18,1,0
BRDA:166,19,0,0
BRDA:166,19,1,0
BRDA:168,20,0,0
BRDA:168,20,1,0
BRDA:170,21,0,0
BRDA:170,21,1,0
BRDA:213,22,0,0
BRDA:213,22,1,0
BRDA:213,22,2,0
BRDA:213,22,3,0
BRDA:218,23,0,0
BRDA:218,23,1,0
BRDA:218,24,0,0
BRDA:218,24,1,0
BRDA:234,25,0,0
BRDA:234,25,1,0
BRDA:242,26,0,0
BRDA:242,26,1,0
BRDA:242,27,0,0
BRDA:242,27,1,0
BRDA:244,28,0,0
BRDA:244,28,1,0
BRDA:248,29,0,0
BRDA:248,29,1,0
BRF:63
BRH:0
end_of_record
TN:
SF:src/components/AskAI/FeedbackModal.tsx
FN:11,(anonymous_0)
FN:29,(anonymous_1)
FN:41,(anonymous_2)
FN:58,(anonymous_3)
FN:63,(anonymous_4)
FN:79,(anonymous_5)
FNF:6
FNH:6
FNDA:10,(anonymous_0)
FNDA:1,(anonymous_1)
FNDA:5,(anonymous_2)
FNDA:45,(anonymous_3)
FNDA:2,(anonymous_4)
FNDA:1,(anonymous_5)
DA:11,1
DA:16,10
DA:17,10
DA:19,10
DA:21,9
DA:29,9
DA:30,1
DA:32,1
DA:33,1
DA:35,1
DA:36,1
DA:39,9
DA:41,5
DA:59,45
DA:63,2
DA:79,1
LF:16
LH:16
BRDA:19,0,0,1
BRDA:19,0,1,9
BRDA:62,1,0,3
BRDA:62,1,1,42
BRF:4
BRH:4
end_of_record
TN:
SF:src/components/AskAI/MarkdownRenderer.tsx
FN:20,(anonymous_0)
FN:25,(anonymous_1)
FN:29,(anonymous_2)
FN:42,(anonymous_3)
FN:56,(anonymous_4)
FN:68,(anonymous_5)
FN:70,(anonymous_6)
FN:108,(anonymous_7)
FN:140,(anonymous_8)
FN:161,(anonymous_9)
FN:171,(anonymous_10)
FN:172,(anonymous_11)
FN:173,(anonymous_12)
FN:174,(anonymous_13)
FN:176,(anonymous_14)
FN:177,(anonymous_15)
FN:179,(anonymous_16)
FN:184,(anonymous_17)
FNF:18
FNH:0
FNDA:0,(anonymous_0)
FNDA:0,(anonymous_1)
FNDA:0,(anonymous_2)
FNDA:0,(anonymous_3)
FNDA:0,(anonymous_4)
FNDA:0,(anonymous_5)
FNDA:0,(anonymous_6)
FNDA:0,(anonymous_7)
FNDA:0,(anonymous_8)
FNDA:0,(anonymous_9)
FNDA:0,(anonymous_10)
FNDA:0,(anonymous_11)
FNDA:0,(anonymous_12)
FNDA:0,(anonymous_13)
FNDA:0,(anonymous_14)
FNDA:0,(anonymous_15)
FNDA:0,(anonymous_16)
FNDA:0,(anonymous_17)
DA:20,0
DA:21,0
DA:22,0
DA:23,0
DA:25,0
DA:26,0
DA:27,0
DA:28,0
DA:29,0
DA:32,0
DA:33,0
DA:34,0
DA:35,0
DA:36,0
DA:37,0
DA:38,0
DA:39,0
DA:40,0
DA:41,0
DA:42,0
DA:44,0
DA:49,0
DA:57,0
DA:69,0
DA:71,0
DA:108,0
DA:109,0
DA:110,0
DA:111,0
DA:113,0
DA:114,0
DA:123,0
DA:124,0
DA:127,0
DA:140,0
DA:141,0
DA:144,0
DA:146,0
DA:147,0
DA:154,0
DA:161,0
DA:162,0
DA:171,0
DA:172,0
DA:173,0
DA:174,0
DA:176,0
DA:177,0
DA:180,0
DA:186,0
LF:50
LH:0
BRDA:52,0,0,0
BRDA:52,0,1,0
BRDA:58,1,0,0
BRDA:58,1,1,0
BRDA:81,2,0,0
BRDA:81,2,1,0
BRDA:83,3,0,0
BRDA:83,3,1,0
BRDA:84,4,0,0
BRDA:84,4,1,0
BRDA:86,5,0,0
BRDA:86,5,1,0
BRDA:109,6,0,0
BRDA:109,6,1,0
BRDA:110,7,0,0
BRDA:110,7,1,0
BRDA:113,8,0,0
BRDA:113,8,1,0
BRDA:113,9,0,0
BRDA:113,9,1,0
BRDA:123,10,0,0
BRDA:123,10,1,0
BRDA:141,11,0,0
BRDA:141,11,1,0
BRDA:144,12,0,0
BRDA:144,12,1,0
BRDA:144,12,2,0
BRDA:146,13,0,0
BRDA:146,13,1,0
BRDA:163,14,0,0
BRDA:163,14,1,0
BRDA:186,15,0,0
BRDA:186,15,1,0
BRF:33
BRH:0
end_of_record
TN:
SF:src/components/AskAI/MessageBubble.tsx
FN:18,(anonymous_0)
FN:63,(anonymous_1)
FN:71,(anonymous_2)
FN:77,(anonymous_3)
FN:81,(anonymous_4)
FN:127,(anonymous_5)
FNF:6
FNH:5
FNDA:8,(anonymous_0)
FNDA:10,(anonymous_1)
FNDA:1,(anonymous_2)
FNDA:2,(anonymous_3)
FNDA:1,(anonymous_4)
FNDA:0,(anonymous_5)
DA:18,1
DA:19,8
DA:63,1
DA:68,10
DA:69,10
DA:71,10
DA:72,1
DA:73,1
DA:77,10
DA:78,2
DA:81,10
DA:82,1
DA:83,1
DA:85,1
DA:88,10
DA:127,0
LF:16
LH:15
BRDA:21,0,0,1
BRDA:21,0,1,7
BRDA:41,1,0,0
BRDA:41,1,1,8
BRDA:65,2,0,10
BRDA:72,3,0,1
BRDA:72,3,1,0
BRDA:82,4,0,1
BRDA:82,4,1,0
BRDA:90,5,0,1
BRDA:90,5,1,9
BRDA:93,6,0,10
BRDA:93,6,1,9
BRDA:99,7,0,1
BRDA:99,7,1,9
BRDA:104,8,0,9
BRDA:104,8,1,0
BRDA:109,9,0,10
BRDA:109,9,1,9
BRDA:109,9,2,9
BRDA:109,9,3,9
BRDA:114,10,0,10
BRDA:114,10,1,9
BRDA:114,10,2,9
BRDA:114,10,3,8
BRDA:124,11,0,10
BRDA:124,11,1,9
BRF:27
BRH:23
end_of_record
TN:
SF:src/components/AskAI/MessageList.tsx
FN:17,(anonymous_0)
FN:44,(anonymous_1)
FN:56,(anonymous_2)
FN:60,(anonymous_3)
FN:90,(anonymous_4)
FN:122,(anonymous_5)
FN:156,(anonymous_6)
FN:169,(anonymous_7)
FN:182,(anonymous_8)
FNF:9
FNH:9
FNDA:2,(anonymous_0)
FNDA:1,(anonymous_1)
FNDA:7,(anonymous_2)
FNDA:2,(anonymous_3)
FNDA:2,(anonymous_4)
FNDA:2,(anonymous_5)
FNDA:7,(anonymous_6)
FNDA:7,(anonymous_7)
FNDA:6,(anonymous_8)
DA:17,1
DA:18,2
DA:44,1
DA:45,1
DA:56,1
DA:58,7
DA:60,2
DA:61,2
DA:62,1
DA:73,1
DA:74,1
DA:81,0
DA:90,2
DA:91,2
DA:97,2
DA:100,2
DA:123,2
DA:156,1
DA:165,7
DA:166,7
DA:169,7
DA:170,7
DA:171,7
DA:175,7
DA:177,7
DA:183,6
LF:26
LH:25
BRDA:58,0,0,5
BRDA:58,0,1,2
BRDA:58,1,0,7
BRDA:58,1,1,6
BRDA:58,1,2,5
BRDA:58,1,3,5
BRDA:61,2,0,1
BRDA:61,2,1,1
BRDA:61,3,0,2
BRDA:61,3,1,1
BRDA:73,4,0,1
BRDA:73,4,1,0
BRDA:73,5,0,1
BRDA:73,5,1,0
BRDA:97,6,0,2
BRDA:97,6,1,0
BRDA:117,7,0,2
BRDA:117,7,1,0
BRDA:120,8,0,7
BRDA:120,8,1,2
BRDA:120,8,2,1
BRDA:126,9,0,1
BRDA:126,9,1,1
BRDA:127,10,0,1
BRDA:127,10,1,0
BRDA:128,11,0,0
BRDA:128,11,1,0
BRDA:134,12,0,2
BRDA:134,12,1,1
BRDA:137,13,0,2
BRDA:137,13,1,1
BRDA:142,14,0,2
BRDA:142,14,1,0
BRDA:170,15,0,7
BRDA:170,15,1,0
BRDA:179,16,0,2
BRDA:179,16,1,5
BRDA:191,17,0,7
BRDA:191,17,1,1
BRDA:191,17,2,1
BRF:40
BRH:31
end_of_record
TN:
SF:src/components/AskAI/SourceReference.tsx
FN:10,(anonymous_0)
FN:17,(anonymous_1)
FN:24,(anonymous_2)
FN:34,(anonymous_3)
FN:41,(anonymous_4)
FN:45,(anonymous_5)
FN:48,(anonymous_6)
FNF:7
FNH:6
FNDA:6,(anonymous_0)
FNDA:1,(anonymous_1)
FNDA:1,(anonymous_2)
FNDA:2,(anonymous_3)
FNDA:10,(anonymous_4)
FNDA:1,(anonymous_5)
FNDA:0,(anonymous_6)
DA:10,1
DA:11,6
DA:13,6
DA:14,1
DA:17,5
DA:19,1
DA:20,1
DA:24,5
DA:25,1
DA:26,1
DA:27,1
DA:31,5
DA:34,2
DA:42,10
DA:45,1
DA:49,0
DA:50,0
DA:51,0
LF:18
LH:15
BRDA:13,0,0,1
BRDA:13,0,1,5
BRDA:13,1,0,6
BRDA:13,1,1,6
BRDA:19,2,0,1
BRDA:19,2,1,0
BRDA:25,3,0,1
BRDA:25,3,1,0
BRDA:33,4,0,2
BRDA:33,4,1,3
BRDA:44,5,0,10
BRDA:44,5,1,0
BRDA:46,6,0,10
BRDA:46,6,1,0
BRDA:47,7,0,10
BRDA:47,7,1,0
BRDA:49,8,0,0
BRDA:49,8,1,0
BRDA:49,9,0,0
BRDA:49,9,1,0
BRDA:49,9,2,0
BRDA:59,10,0,10
BRDA:59,10,1,5
BRDA:62,11,0,10
BRDA:62,11,1,10
BRF:25
BRH:15
end_of_record
TN:
SF:src/components/AskAI/SuggestionList.tsx
FN:29,(anonymous_0)
FN:30,(anonymous_1)
FN:39,(anonymous_2)
FN:43,(anonymous_3)
FNF:4
FNH:4
FNDA:5,(anonymous_0)
FNDA:16,(anonymous_1)
FNDA:14,(anonymous_2)
FNDA:1,(anonymous_3)
DA:10,1
DA:29,1
DA:30,16
DA:34,5
DA:36,4
DA:40,14
DA:43,1
LF:7
LH:7
BRDA:30,0,0,5
BRDA:34,1,0,1
BRDA:34,1,1,4
BRF:3
BRH:3
end_of_record
TN:
SF:src/hooks/useChat.ts
FN:60,(anonymous_0)
FN:65,(anonymous_1)
FN:71,(anonymous_2)
FN:77,(anonymous_3)
FN:91,(anonymous_4)
FN:105,throttle
FN:109,(anonymous_6)
FN:121,(anonymous_7)
FN:130,(anonymous_8)
FN:135,(anonymous_9)
FN:145,(anonymous_10)
FN:155,(anonymous_11)
FN:186,(anonymous_12)
FN:192,(anonymous_13)
FN:193,(anonymous_14)
FN:208,(anonymous_15)
FN:221,(anonymous_16)
FN:233,(anonymous_17)
FN:243,(anonymous_18)
FN:244,(anonymous_19)
FN:249,(anonymous_20)
FN:250,(anonymous_21)
FN:253,(anonymous_22)
FN:257,(anonymous_23)
FN:274,(anonymous_24)
FN:279,(anonymous_25)
FN:296,(anonymous_26)
FN:297,(anonymous_27)
FN:308,(anonymous_28)
FN:317,(anonymous_29)
FN:322,(anonymous_30)
FN:407,(anonymous_31)
FN:408,(anonymous_32)
FN:427,(anonymous_33)
FN:428,(anonymous_34)
FN:443,(anonymous_35)
FN:445,(anonymous_36)
FN:446,(anonymous_37)
FN:463,(anonymous_38)
FN:465,(anonymous_39)
FN:468,(anonymous_40)
FN:500,(anonymous_41)
FN:501,(anonymous_42)
FNF:43
FNH:0
FNDA:0,(anonymous_0)
FNDA:0,(anonymous_1)
FNDA:0,(anonymous_2)
FNDA:0,(anonymous_3)
FNDA:0,(anonymous_4)
FNDA:0,throttle
FNDA:0,(anonymous_6)
FNDA:0,(anonymous_7)
FNDA:0,(anonymous_8)
FNDA:0,(anonymous_9)
FNDA:0,(anonymous_10)
FNDA:0,(anonymous_11)
FNDA:0,(anonymous_12)
FNDA:0,(anonymous_13)
FNDA:0,(anonymous_14)
FNDA:0,(anonymous_15)
FNDA:0,(anonymous_16)
FNDA:0,(anonymous_17)
FNDA:0,(anonymous_18)
FNDA:0,(anonymous_19)
FNDA:0,(anonymous_20)
FNDA:0,(anonymous_21)
FNDA:0,(anonymous_22)
FNDA:0,(anonymous_23)
FNDA:0,(anonymous_24)
FNDA:0,(anonymous_25)
FNDA:0,(anonymous_26)
FNDA:0,(anonymous_27)
FNDA:0,(anonymous_28)
FNDA:0,(anonymous_29)
FNDA:0,(anonymous_30)
FNDA:0,(anonymous_31)
FNDA:0,(anonymous_32)
FNDA:0,(anonymous_33)
FNDA:0,(anonymous_34)
FNDA:0,(anonymous_35)
FNDA:0,(anonymous_36)
FNDA:0,(anonymous_37)
FNDA:0,(anonymous_38)
FNDA:0,(anonymous_39)
FNDA:0,(anonymous_40)
FNDA:0,(anonymous_41)
FNDA:0,(anonymous_42)
DA:56,0
DA:57,0
DA:58,0
DA:60,0
DA:62,0
DA:63,0
DA:65,0
DA:66,0
DA:67,0
DA:71,0
DA:74,0
DA:75,0
DA:77,0
DA:78,0
DA:79,0
DA:83,0
DA:91,0
DA:92,0
DA:95,0
DA:96,0
DA:97,0
DA:99,0
DA:101,0
DA:106,0
DA:107,0
DA:109,0
DA:110,0
DA:111,0
DA:113,0
DA:114,0
DA:115,0
DA:116,0
DA:118,0
DA:119,0
DA:120,0
DA:121,0
DA:122,0
DA:123,0
DA:124,0
DA:130,0
DA:131,0
DA:132,0
DA:135,0
DA:136,0
DA:137,0
DA:138,0
DA:139,0
DA:141,0
DA:145,0
DA:146,0
DA:147,0
DA:148,0
DA:149,0
DA:151,0
DA:155,0
DA:156,0
DA:157,0
DA:158,0
DA:159,0
DA:161,0
DA:165,0
DA:166,0
DA:167,0
DA:168,0
DA:169,0
DA:170,0
DA:171,0
DA:172,0
DA:173,0
DA:176,0
DA:177,0
DA:180,0
DA:183,0
DA:186,0
DA:187,0
DA:188,0
DA:190,0
DA:191,0
DA:192,0
DA:193,0
DA:194,0
DA:203,0
DA:208,0
DA:209,0
DA:211,0
DA:213,0
DA:214,0
DA:221,0
DA:222,0
DA:223,0
DA:224,0
DA:225,0
DA:226,0
DA:233,0
DA:234,0
DA:235,0
DA:236,0
DA:243,0
DA:244,0
DA:245,0
DA:249,0
DA:250,0
DA:253,0
DA:254,0
DA:257,0
DA:258,0
DA:259,0
DA:260,0
DA:261,0
DA:262,0
DA:263,0
DA:264,0
DA:265,0
DA:266,0
DA:267,0
DA:274,0
DA:275,0
DA:276,0
DA:279,0
DA:280,0
DA:282,0
DA:283,0
DA:284,0
DA:296,0
DA:297,0
DA:298,0
DA:304,0
DA:308,0
DA:309,0
DA:312,0
DA:313,0
DA:316,0
DA:317,0
DA:320,0
DA:321,0
DA:322,0
DA:324,0
DA:325,0
DA:326,0
DA:327,0
DA:328,0
DA:329,0
DA:330,0
DA:331,0
DA:333,0
DA:334,0
DA:336,0
DA:338,0
DA:349,0
DA:350,0
DA:351,0
DA:353,0
DA:356,0
DA:357,0
DA:359,0
DA:360,0
DA:362,0
DA:363,0
DA:364,0
DA:366,0
DA:367,0
DA:368,0
DA:370,0
DA:371,0
DA:373,0
DA:375,0
DA:378,0
DA:379,0
DA:381,0
DA:382,0
DA:383,0
DA:386,0
DA:387,0
DA:389,0
DA:392,0
DA:394,0
DA:395,0
DA:398,0
DA:399,0
DA:402,0
DA:403,0
DA:407,0
DA:408,0
DA:409,0
DA:414,0
DA:415,0
DA:416,0
DA:417,0
DA:419,0
DA:422,0
DA:423,0
DA:427,0
DA:428,0
DA:429,0
DA:438,0
DA:442,0
DA:443,0
DA:445,0
DA:446,0
DA:447,0
DA:452,0
DA:455,0
DA:456,0
DA:458,0
DA:463,0
DA:465,0
DA:466,0
DA:468,0
DA:469,0
DA:470,0
DA:471,0
DA:472,0
DA:474,0
DA:475,0
DA:476,0
DA:478,0
DA:479,0
DA:480,0
DA:483,0
DA:492,0
DA:493,0
DA:496,0
DA:500,0
DA:501,0
DA:502,0
DA:509,0
DA:510,0
DA:511,0
DA:515,0
LF:229
LH:0
BRDA:62,0,0,0
BRDA:62,0,1,0
BRDA:62,1,0,0
BRDA:62,1,1,0
BRDA:66,2,0,0
BRDA:66,2,1,0
BRDA:74,3,0,0
BRDA:74,3,1,0
BRDA:74,4,0,0
BRDA:74,4,1,0
BRDA:78,5,0,0
BRDA:78,5,1,0
BRDA:92,6,0,0
BRDA:92,6,1,0
BRDA:95,7,0,0
BRDA:95,7,1,0
BRDA:96,8,0,0
BRDA:96,8,1,0
BRDA:96,9,0,0
BRDA:96,9,1,0
BRDA:113,10,0,0
BRDA:113,10,1,0
BRDA:113,11,0,0
BRDA:113,11,1,0
BRDA:114,12,0,0
BRDA:114,12,1,0
BRDA:120,13,0,0
BRDA:120,13,1,0
BRDA:136,14,0,0
BRDA:136,14,1,0
BRDA:139,15,0,0
BRDA:139,15,1,0
BRDA:139,16,0,0
BRDA:139,16,1,0
BRDA:146,17,0,0
BRDA:146,17,1,0
BRDA:149,18,0,0
BRDA:149,18,1,0
BRDA:149,19,0,0
BRDA:149,19,1,0
BRDA:156,20,0,0
BRDA:156,20,1,0
BRDA:159,21,0,0
BRDA:159,21,1,0
BRDA:190,22,0,0
BRDA:190,22,1,0
BRDA:194,23,0,0
BRDA:194,23,1,0
BRDA:209,24,0,0
BRDA:209,24,1,0
BRDA:211,25,0,0
BRDA:211,25,1,0
BRDA:222,26,0,0
BRDA:222,26,1,0
BRDA:223,27,0,0
BRDA:223,27,1,0
BRDA:223,28,0,0
BRDA:223,28,1,0
BRDA:234,29,0,0
BRDA:234,29,1,0
BRDA:264,30,0,0
BRDA:264,30,1,0
BRDA:275,31,0,0
BRDA:275,31,1,0
BRDA:280,32,0,0
BRDA:280,32,1,0
BRDA:290,33,0,0
BRDA:290,33,1,0
BRDA:298,34,0,0
BRDA:298,34,1,0
BRDA:309,35,0,0
BRDA:309,35,1,0
BRDA:309,36,0,0
BRDA:309,36,1,0
BRDA:349,37,0,0
BRDA:349,37,1,0
BRDA:350,38,0,0
BRDA:350,38,1,0
BRDA:357,39,0,0
BRDA:357,39,1,0
BRDA:364,40,0,0
BRDA:364,40,1,0
BRDA:368,41,0,0
BRDA:368,41,1,0
BRDA:371,42,0,0
BRDA:371,42,1,0
BRDA:371,43,0,0
BRDA:371,43,1,0
BRDA:375,44,0,0
BRDA:375,44,1,0
BRDA:378,45,0,0
BRDA:378,45,1,0
BRDA:379,46,0,0
BRDA:379,46,1,0
BRDA:389,47,0,0
BRDA:389,47,1,0
BRDA:389,47,2,0
BRDA:389,47,3,0
BRDA:389,47,4,0
BRDA:389,47,5,0
BRDA:389,47,6,0
BRDA:389,47,7,0
BRDA:389,47,8,0
BRDA:412,48,0,0
BRDA:412,48,1,0
BRDA:414,49,0,0
BRDA:414,49,1,0
BRDA:422,50,0,0
BRDA:422,50,1,0
BRDA:429,51,0,0
BRDA:429,51,1,0
BRDA:432,52,0,0
BRDA:432,52,1,0
BRDA:443,53,0,0
BRDA:443,53,1,0
BRDA:447,54,0,0
BRDA:447,54,1,0
BRDA:455,55,0,0
BRDA:455,55,1,0
BRDA:455,56,0,0
BRDA:455,56,1,0
BRDA:465,57,0,0
BRDA:465,57,1,0
BRDA:466,58,0,0
BRDA:466,58,1,0
BRDA:468,59,0,0
BRDA:468,59,1,0
BRDA:469,60,0,0
BRDA:469,60,1,0
BRDA:492,61,0,0
BRDA:492,61,1,0
BRDA:493,62,0,0
BRDA:493,62,1,0
BRDA:496,63,0,0
BRDA:496,63,1,0
BRDA:502,64,0,0
BRDA:502,64,1,0
BRF:137
BRH:0
end_of_record
TN:
SF:src/pages/index.tsx
FN:10,Home
FN:58,(anonymous_1)
FNF:2
FNH:0
FNDA:0,Home
FNDA:0,(anonymous_1)
DA:11,0
DA:12,0
DA:58,0
LF:3
LH:0
BRF:0
BRH:0
end_of_record
TN:
SF:src/theme/Root.tsx
FN:6,Root
FNF:1
FNH:0
FNDA:0,Root
DA:7,0
LF:1
LH:0
BRF:0
BRH:0
end_of_record
TN:
SF:src/utils/chatApi.ts
FN:59,sendChatRequest
FN:77,(anonymous_1)
FN:168,sendFeedback
FN:202,getSuggestedQuestions
FNF:4
FNH:0
FNDA:0,sendChatRequest
FNDA:0,(anonymous_1)
FNDA:0,sendFeedback
FNDA:0,getSuggestedQuestions
DA:54,0
DA:64,0
DA:66,0
DA:67,0
DA:76,0
DA:77,0
DA:78,0
DA:79,0
DA:82,0
DA:83,0
DA:84,0
DA:88,0
DA:89,0
DA:90,0
DA:92,0
DA:93,0
DA:95,0
DA:97,0
DA:100,0
DA:101,0
DA:103,0
DA:104,0
DA:106,0
DA:109,0
DA:110,0
DA:111,0
DA:114,0
DA:115,0
DA:117,0
DA:119,0
DA:120,0
DA:123,0
DA:124,0
DA:127,0
DA:128,0
DA:131,0
DA:132,0
DA:135,0
DA:136,0
DA:139,0
DA:140,0
DA:141,0
DA:144,0
DA:145,0
DA:148,0
DA:153,0
DA:154,0
DA:156,0
DA:158,0
DA:160,0
DA:174,0
DA:175,0
DA:188,0
DA:189,0
DA:192,0
DA:194,0
DA:195,0
DA:203,0
DA:204,0
DA:206,0
DA:207,0
DA:210,0
DA:211,0
DA:213,0
DA:215,0
LF:65
LH:0
BRDA:76,0,0,0
BRDA:76,0,1,0
BRDA:78,1,0,0
BRDA:78,1,1,0
BRDA:78,2,0,0
BRDA:78,2,1,0
BRDA:82,3,0,0
BRDA:82,3,1,0
BRDA:95,4,0,0
BRDA:95,4,1,0
BRDA:101,5,0,0
BRDA:101,5,1,0
BRDA:104,6,0,0
BRDA:104,6,1,0
BRDA:104,7,0,0
BRDA:104,7,1,0
BRDA:109,8,0,0
BRDA:109,8,1,0
BRDA:117,9,0,0
BRDA:117,9,1,0
BRDA:117,9,2,0
BRDA:117,9,3,0
BRDA:117,9,4,0
BRDA:117,9,5,0
BRDA:117,9,6,0
BRDA:153,10,0,0
BRDA:153,10,1,0
BRDA:154,11,0,0
BRDA:154,11,1,0
BRDA:188,12,0,0
BRDA:188,12,1,0
BRDA:202,13,0,0
BRDA:206,14,0,0
BRDA:206,14,1,0
BRDA:211,15,0,0
BRDA:211,15,1,0
BRDA:215,16,0,0
BRDA:215,16,1,0
BRF:38
BRH:0
end_of_record
TN:
SF:src/utils/chatExport.ts
FN:8,(anonymous_0)
FN:15,(anonymous_1)
FN:18,(anonymous_2)
FN:24,(anonymous_3)
FN:36,(anonymous_4)
FN:39,(anonymous_5)
FN:45,(anonymous_6)
FN:57,(anonymous_7)
FN:72,(anonymous_8)
FNF:9
FNH:7
FNDA:6,(anonymous_0)
FNDA:3,(anonymous_1)
FNDA:4,(anonymous_2)
FNDA:0,(anonymous_3)
FNDA:1,(anonymous_4)
FNDA:2,(anonymous_5)
FNDA:0,(anonymous_6)
FNDA:5,(anonymous_7)
FNDA:5,(anonymous_8)
DA:8,2
DA:9,6
DA:15,2
DA:16,3
DA:18,3
DA:19,4
DA:20,4
DA:21,4
DA:23,4
DA:24,0
DA:27,4
DA:30,3
DA:36,2
DA:37,1
DA:39,1
DA:40,2
DA:41,2
DA:42,2
DA:44,2
DA:45,0
DA:48,2
DA:51,1
DA:57,2
DA:58,5
DA:59,5
DA:60,5
DA:61,5
DA:62,5
DA:63,5
DA:64,5
DA:65,5
DA:66,5
DA:72,2
DA:77,5
DA:78,5
DA:80,5
DA:82,3
DA:87,3
DA:89,1
DA:94,1
DA:96,1
DA:101,1
LF:42
LH:40
BRDA:19,0,0,2
BRDA:19,0,1,2
BRDA:23,1,0,0
BRDA:23,1,1,4
BRDA:23,2,0,4
BRDA:23,2,1,0
BRDA:40,3,0,1
BRDA:40,3,1,1
BRDA:44,4,0,0
BRDA:44,4,1,2
BRDA:44,5,0,2
BRDA:44,5,1,0
BRDA:75,6,0,5
BRDA:80,7,0,3
BRDA:80,7,1,1
BRDA:80,7,2,1
BRF:16
BRH:12
end_of_record
TN:
SF:src/utils/languageDetection.ts
FN:13,detectUserLanguage
FN:47,normalizeLocale
FN:62,getResponseLanguage
FNF:3
FNH:3
FNDA:10,detectUserLanguage
FNDA:5,normalizeLocale
FNDA:4,getResponseLanguage
DA:14,10
DA:16,10
DA:17,2
DA:21,8
DA:22,8
DA:23,8
DA:26,10
DA:27,10
DA:28,10
DA:30,10
DA:32,10
DA:33,2
DA:37,6
DA:38,6
DA:48,5
DA:49,3
DA:51,2
DA:67,4
LF:18
LH:18
BRDA:16,0,0,2
BRDA:16,0,1,8
BRDA:23,1,0,4
BRDA:23,1,1,4
BRDA:28,2,0,4
BRDA:28,2,1,4
BRDA:32,3,0,2
BRDA:32,3,1,8
BRDA:38,4,0,3
BRDA:38,4,1,3
BRDA:48,5,0,3
BRDA:48,5,1,2
BRF:12
BRH:12
end_of_record
